2025-05-12 04:16:31,449 - fleetserverapi - INFO - LANCEDB_URI is ../databases/lance
2025-05-12 04:16:31,449 - fleetserverapi - INFO - Short embedding model name is all-MiniLM-L6-v2
2025-05-12 04:16:31,449 - fleetserverapi - INFO - Long embedding model name is nomic-ai/nomic-embed-text-v1.5
2025-05-12 04:16:31,450 - fleetserverapi - INFO - Connecting to LanceDB.
2025-05-12 04:16:31,453 - fleetserverapi - INFO - Begin connecting to sqlite
2025-05-12 04:16:31,453 - fleetserverapi - INFO - Sqlite database uri is ../databases/sqlite
2025-05-12 04:16:31,456 - fleetserverapi - INFO - LanceDB connection successful.
2025-05-12 04:16:31,456 - fleetserverapi - INFO - Loading Embedding model: 
2025-05-12 04:16:32,700 - fleetserverapi - INFO - Short embedding model created
2025-05-12 04:16:36,007 - fleetserverapi - INFO - Long embedding model created
2025-05-12 04:16:36,008 - fleetserverapi - INFO - Embedding Models Loaded: Vector Dimension: 384 and 768
2025-05-12 04:16:36,008 - fleetserverapi - INFO - Creating or opening table: content_vector_data
2025-05-12 04:16:36,012 - fleetserverapi - INFO - Table content_vector_data opened successfully
2025-05-12 04:16:36,016 - fleetserverapi - INFO - Table context_vector_data opened successfully
2025-05-12 04:16:36,017 - fleetserverapi - INFO - Startup Complete
2025-05-12 04:16:45,280 - fleetserverapi - INFO - Post endpoint hit
2025-05-12 04:16:45,280 - fleetserverapi - INFO - Create retrieve context id called
2025-05-12 04:16:45,280 - fleetserverapi - WARNING - Main endpoint failure: sequence item 0: expected str instance, BasePromptRequestItem found
2025-05-12 04:21:34,376 - fleetserverapi - INFO - Shutting down application.
2025-05-12 04:21:34,377 - fleetserverapi - INFO - LanceDB Connection closed, global session state cleared
