2025-05-12 13:04:33,093 - fleetserverapi - INFO - LANCEDB_URI is ../databases/lance
2025-05-12 13:04:33,094 - fleetserverapi - INFO - Short embedding model name is all-MiniLM-L6-v2
2025-05-12 13:04:33,094 - fleetserverapi - INFO - Long embedding model name is nomic-ai/nomic-embed-text-v1.5
2025-05-12 13:04:33,095 - fleetserverapi - INFO - Connecting to LanceDB.
2025-05-12 13:04:33,097 - fleetserverapi - INFO - Begin connecting to sqlite
2025-05-12 13:04:33,097 - fleetserverapi - INFO - Sqlite database uri is ../databases/sqlite
2025-05-12 13:04:33,101 - fleetserverapi - INFO - LanceDB connection successful.
2025-05-12 13:04:33,102 - fleetserverapi - INFO - Loading Embedding model: 
2025-05-12 13:04:34,803 - fleetserverapi - INFO - Short embedding model created
2025-05-12 13:04:38,449 - fleetserverapi - INFO - Long embedding model created
2025-05-12 13:04:38,450 - fleetserverapi - INFO - Embedding Models Loaded: Vector Dimension: 384 and 768
2025-05-12 13:04:38,450 - fleetserverapi - INFO - Creating or opening table: content_vector_data
2025-05-12 13:04:38,454 - fleetserverapi - INFO - Table content_vector_data opened successfully
2025-05-12 13:04:38,458 - fleetserverapi - INFO - Table context_vector_data opened successfully
2025-05-12 13:04:38,460 - fleetserverapi - INFO - Startup Complete
2025-05-12 13:04:51,596 - fleetserverapi - INFO - Post endpoint hit
2025-05-12 13:04:51,596 - fleetserverapi - INFO - Create retrieve context id called
2025-05-12 13:05:24,044 - fleetserverapi - WARNING - Main endpoint failure: lance error: Invalid user input: Column _distance does not exist, C:\Users\runneradmin\.cargo\registry\src\index.crates.io-6f17d22bba15001f\lance-core-0.26.0\src\datatypes\schema.rs:857:27
2025-05-12 13:07:03,769 - fleetserverapi - INFO - Shutting down application.
2025-05-12 13:07:03,769 - fleetserverapi - INFO - LanceDB Connection closed, global session state cleared
