2025-05-12 19:27:27,958 - fleetserverapi - INFO - LANCEDB_URI is ../databases/lance
2025-05-12 19:27:27,958 - fleetserverapi - INFO - Short embedding model name is all-MiniLM-L6-v2
2025-05-12 19:27:27,959 - fleetserverapi - INFO - Long embedding model name is nomic-ai/nomic-embed-text-v1.5
2025-05-12 19:27:27,959 - fleetserverapi - INFO - Connecting to LanceDB.
2025-05-12 19:27:27,961 - fleetserverapi - INFO - Begin connecting to sqlite
2025-05-12 19:27:27,961 - fleetserverapi - INFO - Sqlite database uri is ../databases/sqlite
2025-05-12 19:27:27,963 - fleetserverapi - INFO - LanceDB connection successful.
2025-05-12 19:27:27,966 - fleetserverapi - INFO - Loading Embedding model: 
2025-05-12 19:27:29,392 - fleetserverapi - INFO - Short embedding model created
2025-05-12 19:27:33,006 - fleetserverapi - INFO - Long embedding model created
2025-05-12 19:27:33,007 - fleetserverapi - INFO - Embedding Models Loaded: Vector Dimension: 384 and 768
2025-05-12 19:27:33,007 - fleetserverapi - INFO - Creating or opening table: content_vector_data
2025-05-12 19:27:33,012 - fleetserverapi - INFO - Table content_vector_data opened successfully
2025-05-12 19:27:33,015 - fleetserverapi - INFO - Table context_vector_data opened successfully
2025-05-12 19:27:33,017 - fleetserverapi - INFO - Startup Complete
2025-05-12 19:27:49,679 - fleetserverapi - INFO - Post endpoint hit
2025-05-12 19:27:49,679 - fleetserverapi - INFO - Create retrieve context id called
2025-05-12 19:27:49,680 - fleetserverapi - WARNING - Main endpoint failure: 'str' object has no attribute 'length'
2025-05-12 19:28:59,128 - fleetserverapi - INFO - Shutting down application.
2025-05-12 19:28:59,128 - fleetserverapi - INFO - LanceDB Connection closed, global session state cleared
