2025-05-14 12:51:31,965 - fleetserverapi - INFO - LANCEDB_URI is databases/lance
2025-05-14 12:51:31,965 - fleetserverapi - INFO - Short embedding model name is all-MiniLM-L6-v2
2025-05-14 12:51:31,965 - fleetserverapi - INFO - Long embedding model name is nomic-ai/nomic-embed-text-v1.5
2025-05-14 12:51:31,966 - fleetserverapi - INFO - Connecting to LanceDB.
2025-05-14 12:51:31,968 - fleetserverapi - INFO - Begin connecting to sqlite
2025-05-14 12:51:31,968 - fleetserverapi - INFO - Sqlite database uri is databases/sqlite/text_content_reference.db
2025-05-14 12:51:31,972 - fleetserverapi - INFO - LanceDB connection successful.
2025-05-14 12:51:32,019 - fleetserverapi - INFO - Loading Embedding model: 
2025-05-14 12:51:33,434 - fleetserverapi - INFO - Short embedding model created
2025-05-14 12:51:37,184 - fleetserverapi - INFO - Long embedding model created
2025-05-14 12:51:37,185 - fleetserverapi - INFO - Embedding Models Loaded: Vector Dimension: 384 and 768
2025-05-14 12:51:37,185 - fleetserverapi - INFO - Creating or opening table: content_vector_data
2025-05-14 12:51:37,189 - fleetserverapi - INFO - Table content_vector_data opened successfully
2025-05-14 12:51:37,190 - fleetserverapi - WARNING - Existing content_vector_data Table does not match lancedb schema
2025-05-14 12:51:37,194 - fleetserverapi - INFO - Table context_vector_data opened successfully
2025-05-14 12:51:37,195 - fleetserverapi - WARNING - Existing content_vector_data Table schema mismatch.
2025-05-14 12:51:37,196 - fleetserverapi - WARNING -   Current Schema: id: string
vector_short: fixed_size_list<item: float>[384]
  child 0, item: float
vector_long: fixed_size_list<item: float>[768]
  child 0, item: float
doc_id: string
2025-05-14 12:51:37,196 - fleetserverapi - WARNING -   Expected Schema: id: string
vector_short: list<item: float>
  child 0, item: float
vector_long: list<item: float>
  child 0, item: float
doc_id: string
2025-05-14 12:51:37,199 - fleetserverapi - INFO - Startup Complete
2025-05-14 12:51:50,711 - fleetserverapi - INFO - Post endpoint hit
2025-05-14 12:51:50,712 - fleetserverapi - INFO - Create retrieve context id called
2025-05-14 12:51:50,713 - fleetserverapi - INFO - Begins summarizing
2025-05-14 12:52:32,912 - fleetserverapi - INFO - Completes Summarizationn
2025-05-14 12:53:02,869 - fleetserverapi - INFO - Cache hit for request 'Please provide me with the text you would like me ...' with distance 8.5702
2025-05-14 12:53:02,874 - fleetserverapi - INFO - Populate_response_dict called
2025-05-14 12:54:05,793 - fleetserverapi - INFO - GenAI client obtained from session_globals
2025-05-14 12:54:07,011 - fleetserverapi - INFO - Context cache created: cachedContents/yr6fmqr6295cprlldzufe5u5b60k1kru9thowo9v
2025-05-14 12:54:24,360 - fleetserverapi - INFO - Prompt task for ID 54566511-8583-4fa7-9178-b1d276dd4e7e completed successfully.
2025-05-14 12:54:24,360 - fleetserverapi - INFO - Prompt task for ID 0ffae82d-4cc4-4d1a-bf63-879a9e00355a completed successfully.
2025-05-14 12:54:24,361 - fleetserverapi - INFO - Prompt task for ID 697af53d-4a27-47f2-ac86-d65ac6e78aa8 completed successfully.
2025-05-14 12:54:24,361 - fleetserverapi - INFO - Prompt task for ID 22e603ce-a91a-4d88-878b-2c91087624bf completed successfully.
2025-05-14 12:54:24,362 - fleetserverapi - INFO - Prompt task for ID 976867b4-deab-4105-b5a4-6a8eae785ab9 completed successfully.
2025-05-14 12:54:24,362 - fleetserverapi - INFO - Prompt iteration finished: All 5 prompts processed successfully.
2025-05-14 12:54:24,362 - fleetserverapi - INFO - Prompt iteration completed
2025-05-14 12:54:24,363 - fleetserverapi - INFO - Attempting to delete GENAI cache 'cachedContents/yr6fmqr6295cprlldzufe5u5b60k1kru9thowo9v'
2025-05-14 12:54:24,765 - fleetserverapi - ERROR - Lance storage error: {e}
2025-05-14 12:54:24,766 - fleetserverapi - ERROR - Lance storage error: {e}
2025-05-14 12:54:24,767 - fleetserverapi - ERROR - Lance storage error: {e}
2025-05-14 12:54:24,767 - fleetserverapi - ERROR - Lance storage error: {e}
2025-05-14 12:54:24,768 - fleetserverapi - ERROR - Lance storage error: {e}
2025-05-14 12:54:24,773 - fleetserverapi - WARNING - Main endpoint failure: 1 validation error for SqlitePromptStorage
id
  Field required [type=missing, input_value={'external_id': '54566511...ce, and engineering."}'}, input_type=dict]
    For further information visit https://errors.pydantic.dev/2.11/v/missing
2025-05-14 12:55:51,032 - fleetserverapi - INFO - Shutting down application.
2025-05-14 12:55:51,033 - fleetserverapi - INFO - LanceDB Connection closed, global session state cleared
