2025-05-12 14:33:57,519 - fleetserverapi - INFO - LANCEDB_URI is ../databases/lance
2025-05-12 14:33:57,519 - fleetserverapi - INFO - Short embedding model name is all-MiniLM-L6-v2
2025-05-12 14:33:57,520 - fleetserverapi - INFO - Long embedding model name is nomic-ai/nomic-embed-text-v1.5
2025-05-12 14:33:57,520 - fleetserverapi - INFO - Connecting to LanceDB.
2025-05-12 14:33:57,523 - fleetserverapi - INFO - Begin connecting to sqlite
2025-05-12 14:33:57,523 - fleetserverapi - INFO - Sqlite database uri is ../databases/sqlite
2025-05-12 14:33:57,526 - fleetserverapi - INFO - LanceDB connection successful.
2025-05-12 14:33:57,527 - fleetserverapi - INFO - Loading Embedding model: 
2025-05-12 14:33:59,025 - fleetserverapi - INFO - Short embedding model created
2025-05-12 14:34:02,410 - fleetserverapi - INFO - Long embedding model created
2025-05-12 14:34:02,411 - fleetserverapi - INFO - Embedding Models Loaded: Vector Dimension: 384 and 768
2025-05-12 14:34:02,412 - fleetserverapi - INFO - Creating or opening table: content_vector_data
2025-05-12 14:34:02,418 - fleetserverapi - INFO - Table content_vector_data opened successfully
2025-05-12 14:34:02,423 - fleetserverapi - INFO - Table context_vector_data opened successfully
2025-05-12 14:34:02,426 - fleetserverapi - INFO - Startup Complete
2025-05-12 14:34:25,895 - fleetserverapi - INFO - Post endpoint hit
2025-05-12 14:34:25,896 - fleetserverapi - INFO - Create retrieve context id called
2025-05-12 14:34:58,474 - fleetserverapi - INFO - Populate_response_dict called
2025-05-12 14:34:59,802 - fleetserverapi - ERROR - Error populating response model: No module named 'cache_functions'
2025-05-12 14:34:59,803 - fleetserverapi - WARNING - Main endpoint failure: 500: Error populating response model
