2025-05-14 18:14:19,185 - fleetserverapi - INFO - LANCEDB_URI is databases/lance
2025-05-14 18:14:19,186 - fleetserverapi - INFO - Short embedding model name is all-MiniLM-L6-v2
2025-05-14 18:14:19,186 - fleetserverapi - INFO - Long embedding model name is nomic-ai/nomic-embed-text-v1.5
2025-05-14 18:14:19,187 - fleetserverapi - INFO - Connecting to LanceDB.
2025-05-14 18:14:19,189 - fleetserverapi - INFO - Begin connecting to sqlite
2025-05-14 18:14:19,190 - fleetserverapi - INFO - Sqlite database uri is databases/sqlite/text_content_reference.db
2025-05-14 18:14:19,193 - fleetserverapi - INFO - LanceDB connection successful.
2025-05-14 18:14:19,246 - fleetserverapi - INFO - Loading Embedding model: 
2025-05-14 18:14:21,075 - fleetserverapi - INFO - Short embedding model created
2025-05-14 18:14:25,798 - fleetserverapi - INFO - Long embedding model created
2025-05-14 18:14:25,798 - fleetserverapi - INFO - Embedding Models Loaded: Vector Dimension: 384 and 768
2025-05-14 18:14:25,799 - fleetserverapi - INFO - Creating or opening table: content_vector_data
2025-05-14 18:14:25,802 - fleetserverapi - INFO - Table content_vector_data opened successfully
2025-05-14 18:14:25,803 - fleetserverapi - WARNING - Existing content_vector_data Table does not match lancedb schema
2025-05-14 18:14:25,807 - fleetserverapi - INFO - Table context_vector_data opened successfully
2025-05-14 18:14:25,808 - fleetserverapi - WARNING - Existing content_vector_data Table schema mismatch.
2025-05-14 18:14:25,809 - fleetserverapi - WARNING -   Current Schema: id: string
vector_short: fixed_size_list<item: float>[384]
  child 0, item: float
vector_long: fixed_size_list<item: float>[768]
  child 0, item: float
doc_id: string
2025-05-14 18:14:25,810 - fleetserverapi - WARNING -   Expected Schema: id: string
vector_short: list<item: float>
  child 0, item: float
vector_long: list<item: float>
  child 0, item: float
doc_id: string
2025-05-14 18:14:25,812 - fleetserverapi - INFO - Startup Complete
2025-05-14 18:18:14,540 - fleetserverapi - INFO - Shutting down application.
2025-05-14 18:18:14,541 - fleetserverapi - INFO - LanceDB Connection closed, global session state cleared
