2025-05-12 10:55:23,067 - fleetserverapi - INFO - LANCEDB_URI is ../databases/lance
2025-05-12 10:55:23,067 - fleetserverapi - INFO - Short embedding model name is all-MiniLM-L6-v2
2025-05-12 10:55:23,068 - fleetserverapi - INFO - Long embedding model name is nomic-ai/nomic-embed-text-v1.5
2025-05-12 10:55:23,068 - fleetserverapi - INFO - Connecting to LanceDB.
2025-05-12 10:55:23,070 - fleetserverapi - INFO - Begin connecting to sqlite
2025-05-12 10:55:23,071 - fleetserverapi - INFO - Sqlite database uri is ../databases/sqlite
2025-05-12 10:55:23,074 - fleetserverapi - INFO - LanceDB connection successful.
2025-05-12 10:55:23,075 - fleetserverapi - INFO - Loading Embedding model: 
2025-05-12 10:55:24,501 - fleetserverapi - INFO - Short embedding model created
2025-05-12 10:55:27,935 - fleetserverapi - INFO - Long embedding model created
2025-05-12 10:55:27,936 - fleetserverapi - INFO - Embedding Models Loaded: Vector Dimension: 384 and 768
2025-05-12 10:55:27,937 - fleetserverapi - INFO - Creating or opening table: content_vector_data
2025-05-12 10:55:27,943 - fleetserverapi - INFO - Table content_vector_data opened successfully
2025-05-12 10:55:27,953 - fleetserverapi - INFO - Table context_vector_data opened successfully
2025-05-12 10:55:27,960 - fleetserverapi - INFO - Startup Complete
2025-05-12 10:55:40,357 - fleetserverapi - INFO - Post endpoint hit
2025-05-12 10:55:40,357 - fleetserverapi - INFO - Create retrieve context id called
2025-05-12 10:56:12,580 - fleetserverapi - WARNING - Main endpoint failure: lance error: LanceError(Index): Data type is not a vector (FixedSizeListArray or List<FixedSizeListArray>), but Float64, C:\Users\runneradmin\.cargo\registry\src\index.crates.io-6f17d22bba15001f\lance-0.26.0\src\index\vector\utils.rs:101:23
2025-05-12 11:13:47,767 - fleetserverapi - INFO - Shutting down application.
2025-05-12 11:13:47,767 - fleetserverapi - INFO - LanceDB Connection closed, global session state cleared
