2025-05-14 18:44:02,284 - fleetserverapi - INFO - LANCEDB_URI is databases/lance
2025-05-14 18:44:02,284 - fleetserverapi - INFO - Short embedding model name is all-MiniLM-L6-v2
2025-05-14 18:44:02,285 - fleetserverapi - INFO - Long embedding model name is nomic-ai/nomic-embed-text-v1.5
2025-05-14 18:44:02,285 - fleetserverapi - INFO - Connecting to LanceDB.
2025-05-14 18:44:02,288 - fleetserverapi - INFO - Begin connecting to sqlite
2025-05-14 18:44:02,288 - fleetserverapi - INFO - Sqlite database uri is databases/sqlite/text_content_reference.db
2025-05-14 18:44:02,291 - fleetserverapi - INFO - LanceDB connection successful.
2025-05-14 18:44:02,355 - fleetserverapi - INFO - Loading Embedding model: 
2025-05-14 18:44:04,494 - fleetserverapi - INFO - Short embedding model created
2025-05-14 18:44:09,229 - fleetserverapi - INFO - Long embedding model created
2025-05-14 18:44:09,230 - fleetserverapi - INFO - Embedding Models Loaded: Vector Dimension: 384 and 768
2025-05-14 18:44:09,230 - fleetserverapi - INFO - Creating or opening table: content_vector_data
2025-05-14 18:44:09,235 - fleetserverapi - INFO - Table content_vector_data opened successfully
2025-05-14 18:44:09,237 - fleetserverapi - WARNING - Existing content_vector_data Table does not match lancedb schema
2025-05-14 18:44:09,240 - fleetserverapi - INFO - Table context_vector_data opened successfully
2025-05-14 18:44:09,241 - fleetserverapi - WARNING - Existing content_vector_data Table schema mismatch.
2025-05-14 18:44:09,241 - fleetserverapi - WARNING -   Current Schema: id: string
vector_short: fixed_size_list<item: float>[384]
  child 0, item: float
vector_long: fixed_size_list<item: float>[768]
  child 0, item: float
doc_id: string
2025-05-14 18:44:09,242 - fleetserverapi - WARNING -   Expected Schema: id: string
vector_short: list<item: float>
  child 0, item: float
vector_long: list<item: float>
  child 0, item: float
doc_id: string
2025-05-14 18:44:09,244 - fleetserverapi - INFO - Startup Complete
2025-05-14 18:45:13,103 - fleetserverapi - INFO - Shutting down application.
2025-05-14 18:45:13,104 - fleetserverapi - INFO - LanceDB Connection closed, global session state cleared
