2025-05-13 07:46:08,876 - fleetserverapi - INFO - LANCEDB_URI is ../databases/lance
2025-05-13 07:46:08,877 - fleetserverapi - INFO - Short embedding model name is all-MiniLM-L6-v2
2025-05-13 07:46:08,877 - fleetserverapi - INFO - Long embedding model name is nomic-ai/nomic-embed-text-v1.5
2025-05-13 07:46:08,877 - fleetserverapi - INFO - Connecting to LanceDB.
2025-05-13 07:46:08,879 - fleetserverapi - INFO - Begin connecting to sqlite
2025-05-13 07:46:08,879 - fleetserverapi - INFO - Sqlite database uri is ../databases/sqlite
2025-05-13 07:46:08,882 - fleetserverapi - INFO - LanceDB connection successful.
2025-05-13 07:46:08,884 - fleetserverapi - INFO - Loading Embedding model: 
2025-05-13 07:46:10,204 - fleetserverapi - INFO - Short embedding model created
2025-05-13 07:46:13,871 - fleetserverapi - INFO - Long embedding model created
2025-05-13 07:46:13,872 - fleetserverapi - INFO - Embedding Models Loaded: Vector Dimension: 384 and 768
2025-05-13 07:46:13,872 - fleetserverapi - INFO - Creating or opening table: content_vector_data
2025-05-13 07:46:13,876 - fleetserverapi - INFO - Table content_vector_data opened successfully
2025-05-13 07:46:13,880 - fleetserverapi - INFO - Table context_vector_data opened successfully
2025-05-13 07:46:13,882 - fleetserverapi - INFO - Startup Complete
2025-05-13 07:48:06,993 - fleetserverapi - INFO - Post endpoint hit
2025-05-13 07:48:06,994 - fleetserverapi - INFO - Create retrieve context id called
2025-05-13 07:48:06,995 - fleetserverapi - INFO - Begins summarizing
2025-05-13 07:50:04,061 - fleetserverapi - WARNING - Main endpoint failure: 503 UNAVAILABLE. {'error': {'code': 503, 'message': 'The service is currently unavailable.', 'status': 'UNAVAILABLE'}}
2025-05-13 07:50:36,760 - fleetserverapi - INFO - Post endpoint hit
2025-05-13 07:50:36,761 - fleetserverapi - INFO - Create retrieve context id called
2025-05-13 07:50:36,762 - fleetserverapi - INFO - Begins summarizing
2025-05-13 07:50:49,503 - fleetserverapi - WARNING - Main endpoint failure: 503 UNAVAILABLE. {'error': {'code': 503, 'message': 'The service is currently unavailable.', 'status': 'UNAVAILABLE'}}
