2025-05-12 13:58:07,840 - fleetserverapi - INFO - LANCEDB_URI is ../databases/lance
2025-05-12 13:58:07,840 - fleetserverapi - INFO - Short embedding model name is all-MiniLM-L6-v2
2025-05-12 13:58:07,841 - fleetserverapi - INFO - Long embedding model name is nomic-ai/nomic-embed-text-v1.5
2025-05-12 13:58:07,841 - fleetserverapi - INFO - Connecting to LanceDB.
2025-05-12 13:58:07,843 - fleetserverapi - INFO - Begin connecting to sqlite
2025-05-12 13:58:07,844 - fleetserverapi - INFO - Sqlite database uri is ../databases/sqlite
2025-05-12 13:58:07,847 - fleetserverapi - INFO - LanceDB connection successful.
2025-05-12 13:58:07,850 - fleetserverapi - INFO - Loading Embedding model: 
2025-05-12 13:58:09,343 - fleetserverapi - INFO - Short embedding model created
2025-05-12 13:58:13,444 - fleetserverapi - INFO - Long embedding model created
2025-05-12 13:58:13,445 - fleetserverapi - INFO - Embedding Models Loaded: Vector Dimension: 384 and 768
2025-05-12 13:58:13,446 - fleetserverapi - INFO - Creating or opening table: content_vector_data
2025-05-12 13:58:13,455 - fleetserverapi - INFO - Table content_vector_data opened successfully
2025-05-12 13:58:13,458 - fleetserverapi - INFO - Table context_vector_data opened successfully
2025-05-12 13:58:13,460 - fleetserverapi - INFO - Startup Complete
2025-05-12 13:58:31,135 - fleetserverapi - INFO - Post endpoint hit
2025-05-12 13:58:31,135 - fleetserverapi - INFO - Create retrieve context id called
2025-05-12 13:59:03,824 - fleetserverapi - INFO - Populate_response_dict called
2025-05-12 13:59:03,827 - fleetserverapi - ERROR - Error populating response model: Prompt name 'True' not found in the configured prompts dictionary with keys [].
2025-05-12 13:59:03,827 - fleetserverapi - WARNING - Main endpoint failure: 500: Error populating response model
2025-05-12 14:03:00,490 - fleetserverapi - INFO - Shutting down application.
2025-05-12 14:03:00,490 - fleetserverapi - INFO - LanceDB Connection closed, global session state cleared
