2025-05-12 13:25:56,513 - fleetserverapi - INFO - LANCEDB_URI is ../databases/lance
2025-05-12 13:25:56,513 - fleetserverapi - INFO - Short embedding model name is all-MiniLM-L6-v2
2025-05-12 13:25:56,513 - fleetserverapi - INFO - Long embedding model name is nomic-ai/nomic-embed-text-v1.5
2025-05-12 13:25:56,514 - fleetserverapi - INFO - Connecting to LanceDB.
2025-05-12 13:25:56,515 - fleetserverapi - INFO - Begin connecting to sqlite
2025-05-12 13:25:56,516 - fleetserverapi - INFO - Sqlite database uri is ../databases/sqlite
2025-05-12 13:25:56,520 - fleetserverapi - INFO - LanceDB connection successful.
2025-05-12 13:25:56,521 - fleetserverapi - INFO - Loading Embedding model: 
2025-05-12 13:25:58,112 - fleetserverapi - INFO - Short embedding model created
2025-05-12 13:26:01,855 - fleetserverapi - INFO - Long embedding model created
2025-05-12 13:26:01,856 - fleetserverapi - INFO - Embedding Models Loaded: Vector Dimension: 384 and 768
2025-05-12 13:26:01,856 - fleetserverapi - INFO - Creating or opening table: content_vector_data
2025-05-12 13:26:01,860 - fleetserverapi - INFO - Table content_vector_data opened successfully
2025-05-12 13:26:01,864 - fleetserverapi - INFO - Table context_vector_data opened successfully
2025-05-12 13:26:01,866 - fleetserverapi - INFO - Startup Complete
2025-05-12 13:26:10,908 - fleetserverapi - INFO - Post endpoint hit
2025-05-12 13:26:10,908 - fleetserverapi - INFO - Create retrieve context id called
2025-05-12 13:26:46,345 - fleetserverapi - WARNING - Main endpoint failure: cannot access local variable 'logger' where it is not associated with a value
2025-05-12 13:27:51,307 - fleetserverapi - INFO - Shutting down application.
2025-05-12 13:27:51,308 - fleetserverapi - INFO - LanceDB Connection closed, global session state cleared
