2025-05-12 19:24:06,437 - fleetserverapi - INFO - LANCEDB_URI is ../databases/lance
2025-05-12 19:24:06,438 - fleetserverapi - INFO - Short embedding model name is all-MiniLM-L6-v2
2025-05-12 19:24:06,438 - fleetserverapi - INFO - Long embedding model name is nomic-ai/nomic-embed-text-v1.5
2025-05-12 19:24:06,438 - fleetserverapi - INFO - Connecting to LanceDB.
2025-05-12 19:24:06,440 - fleetserverapi - INFO - Begin connecting to sqlite
2025-05-12 19:24:06,440 - fleetserverapi - INFO - Sqlite database uri is ../databases/sqlite
2025-05-12 19:24:06,442 - fleetserverapi - INFO - LanceDB connection successful.
2025-05-12 19:24:06,443 - fleetserverapi - INFO - Loading Embedding model: 
2025-05-12 19:24:07,985 - fleetserverapi - INFO - Short embedding model created
2025-05-12 19:24:12,023 - fleetserverapi - INFO - Long embedding model created
2025-05-12 19:24:12,023 - fleetserverapi - INFO - Embedding Models Loaded: Vector Dimension: 384 and 768
2025-05-12 19:24:12,024 - fleetserverapi - INFO - Creating or opening table: content_vector_data
2025-05-12 19:24:12,029 - fleetserverapi - INFO - Table content_vector_data opened successfully
2025-05-12 19:24:12,034 - fleetserverapi - INFO - Table context_vector_data opened successfully
2025-05-12 19:24:12,038 - fleetserverapi - INFO - Startup Complete
2025-05-12 19:24:22,439 - fleetserverapi - INFO - Post endpoint hit
2025-05-12 19:24:22,440 - fleetserverapi - INFO - Create retrieve context id called
2025-05-12 19:24:22,440 - fleetserverapi - WARNING - Main endpoint failure: 'BasePromptRequestItem' object has no attribute 'length'
2025-05-12 19:26:50,979 - fleetserverapi - INFO - Shutting down application.
2025-05-12 19:26:50,981 - fleetserverapi - INFO - LanceDB Connection closed, global session state cleared
