2025-05-12 18:35:57,963 - fleetserverapi - INFO - LANCEDB_URI is ../databases/lance
2025-05-12 18:35:57,963 - fleetserverapi - INFO - Short embedding model name is all-MiniLM-L6-v2
2025-05-12 18:35:57,964 - fleetserverapi - INFO - Long embedding model name is nomic-ai/nomic-embed-text-v1.5
2025-05-12 18:35:57,964 - fleetserverapi - INFO - Connecting to LanceDB.
2025-05-12 18:35:57,967 - fleetserverapi - INFO - Begin connecting to sqlite
2025-05-12 18:35:57,967 - fleetserverapi - INFO - Sqlite database uri is ../databases/sqlite
2025-05-12 18:35:57,970 - fleetserverapi - INFO - LanceDB connection successful.
2025-05-12 18:35:57,973 - fleetserverapi - INFO - Loading Embedding model: 
2025-05-12 18:35:59,980 - fleetserverapi - INFO - Short embedding model created
2025-05-12 18:36:03,617 - fleetserverapi - INFO - Long embedding model created
2025-05-12 18:36:03,618 - fleetserverapi - INFO - Embedding Models Loaded: Vector Dimension: 384 and 768
2025-05-12 18:36:03,618 - fleetserverapi - INFO - Creating or opening table: content_vector_data
2025-05-12 18:36:03,622 - fleetserverapi - INFO - Table content_vector_data opened successfully
2025-05-12 18:36:03,626 - fleetserverapi - INFO - Table context_vector_data opened successfully
2025-05-12 18:36:03,629 - fleetserverapi - INFO - Startup Complete
2025-05-12 18:36:16,832 - fleetserverapi - INFO - Post endpoint hit
2025-05-12 18:36:16,833 - fleetserverapi - INFO - Create retrieve context id called
2025-05-12 18:36:16,869 - fleetserverapi - WARNING - Main endpoint failure: can't multiply sequence by non-int of type 'str'
2025-05-12 18:37:13,964 - fleetserverapi - INFO - Shutting down application.
2025-05-12 18:37:13,964 - fleetserverapi - INFO - LanceDB Connection closed, global session state cleared
