2025-05-12 05:11:35,094 - fleetserverapi - INFO - LANCEDB_URI is ../databases/lance
2025-05-12 05:11:35,094 - fleetserverapi - INFO - Short embedding model name is all-MiniLM-L6-v2
2025-05-12 05:11:35,095 - fleetserverapi - INFO - Long embedding model name is nomic-ai/nomic-embed-text-v1.5
2025-05-12 05:11:35,095 - fleetserverapi - INFO - Connecting to LanceDB.
2025-05-12 05:11:35,098 - fleetserverapi - INFO - Begin connecting to sqlite
2025-05-12 05:11:35,098 - fleetserverapi - INFO - Sqlite database uri is ../databases/sqlite
2025-05-12 05:11:35,102 - fleetserverapi - INFO - LanceDB connection successful.
2025-05-12 05:11:35,103 - fleetserverapi - INFO - Loading Embedding model: 
2025-05-12 05:11:36,647 - fleetserverapi - INFO - Short embedding model created
2025-05-12 05:11:40,117 - fleetserverapi - INFO - Long embedding model created
2025-05-12 05:11:40,118 - fleetserverapi - INFO - Embedding Models Loaded: Vector Dimension: 384 and 768
2025-05-12 05:11:40,119 - fleetserverapi - INFO - Creating or opening table: content_vector_data
2025-05-12 05:11:40,131 - fleetserverapi - INFO - Table content_vector_data opened successfully
2025-05-12 05:11:40,140 - fleetserverapi - INFO - Table context_vector_data opened successfully
2025-05-12 05:11:40,143 - fleetserverapi - INFO - Startup Complete
2025-05-12 05:11:48,644 - fleetserverapi - INFO - Post endpoint hit
2025-05-12 05:11:48,645 - fleetserverapi - INFO - Create retrieve context id called
2025-05-12 05:12:23,720 - fleetserverapi - WARNING - Main endpoint failure: lance error: LanceError(Index): Data type is not a vector (FixedSizeListArray or List<FixedSizeListArray>), but Float64, C:\Users\runneradmin\.cargo\registry\src\index.crates.io-6f17d22bba15001f\lance-0.26.0\src\index\vector\utils.rs:101:23
2025-05-12 05:16:04,872 - fleetserverapi - INFO - Shutting down application.
2025-05-12 05:16:04,874 - fleetserverapi - INFO - LanceDB Connection closed, global session state cleared
