2025-05-12 12:08:32,834 - fleetserverapi - INFO - LANCEDB_URI is ../databases/lance
2025-05-12 12:08:32,835 - fleetserverapi - INFO - Short embedding model name is all-MiniLM-L6-v2
2025-05-12 12:08:32,835 - fleetserverapi - INFO - Long embedding model name is nomic-ai/nomic-embed-text-v1.5
2025-05-12 12:08:32,836 - fleetserverapi - INFO - Connecting to LanceDB.
2025-05-12 12:08:32,838 - fleetserverapi - INFO - Begin connecting to sqlite
2025-05-12 12:08:32,839 - fleetserverapi - INFO - Sqlite database uri is ../databases/sqlite
2025-05-12 12:08:32,842 - fleetserverapi - INFO - LanceDB connection successful.
2025-05-12 12:08:32,844 - fleetserverapi - INFO - Loading Embedding model: 
2025-05-12 12:08:34,061 - fleetserverapi - INFO - Short embedding model created
2025-05-12 12:08:37,783 - fleetserverapi - INFO - Long embedding model created
2025-05-12 12:08:37,783 - fleetserverapi - INFO - Embedding Models Loaded: Vector Dimension: 384 and 768
2025-05-12 12:08:37,784 - fleetserverapi - INFO - Creating or opening table: content_vector_data
2025-05-12 12:08:37,788 - fleetserverapi - INFO - Table content_vector_data opened successfully
2025-05-12 12:08:37,792 - fleetserverapi - INFO - Table context_vector_data opened successfully
2025-05-12 12:08:37,794 - fleetserverapi - INFO - Startup Complete
2025-05-12 12:08:48,091 - fleetserverapi - INFO - Post endpoint hit
2025-05-12 12:08:48,092 - fleetserverapi - INFO - Create retrieve context id called
2025-05-12 12:09:21,244 - fleetserverapi - WARNING - Main endpoint failure: lance error: LanceError(Index): Data type is not a vector (FixedSizeListArray or List<FixedSizeListArray>), but Float64, C:\Users\runneradmin\.cargo\registry\src\index.crates.io-6f17d22bba15001f\lance-0.26.0\src\index\vector\utils.rs:101:23
2025-05-12 12:11:26,858 - fleetserverapi - INFO - Shutting down application.
2025-05-12 12:11:26,863 - fleetserverapi - INFO - LanceDB Connection closed, global session state cleared
