2025-05-12 05:16:34,191 - fleetserverapi - INFO - LANCEDB_URI is ../databases/lance
2025-05-12 05:16:34,191 - fleetserverapi - INFO - Short embedding model name is all-MiniLM-L6-v2
2025-05-12 05:16:34,192 - fleetserverapi - INFO - Long embedding model name is nomic-ai/nomic-embed-text-v1.5
2025-05-12 05:16:34,192 - fleetserverapi - INFO - Connecting to LanceDB.
2025-05-12 05:16:34,195 - fleetserverapi - INFO - Begin connecting to sqlite
2025-05-12 05:16:34,195 - fleetserverapi - INFO - Sqlite database uri is ../databases/sqlite
2025-05-12 05:16:34,199 - fleetserverapi - INFO - LanceDB connection successful.
2025-05-12 05:16:34,200 - fleetserverapi - INFO - Loading Embedding model: 
2025-05-12 05:16:35,494 - fleetserverapi - INFO - Short embedding model created
2025-05-12 05:16:38,757 - fleetserverapi - INFO - Long embedding model created
2025-05-12 05:16:38,757 - fleetserverapi - INFO - Embedding Models Loaded: Vector Dimension: 384 and 768
2025-05-12 05:16:38,758 - fleetserverapi - INFO - Creating or opening table: content_vector_data
2025-05-12 05:16:38,762 - fleetserverapi - INFO - Table content_vector_data opened successfully
2025-05-12 05:16:38,766 - fleetserverapi - INFO - Table context_vector_data opened successfully
2025-05-12 05:16:38,767 - fleetserverapi - INFO - Startup Complete
2025-05-12 05:16:50,684 - fleetserverapi - INFO - Post endpoint hit
2025-05-12 05:16:50,684 - fleetserverapi - INFO - Create retrieve context id called
2025-05-12 05:17:22,677 - fleetserverapi - WARNING - Main endpoint failure: only handle 1-dimensional arrays
2025-05-12 05:20:41,099 - fleetserverapi - INFO - Shutting down application.
2025-05-12 05:20:41,100 - fleetserverapi - INFO - LanceDB Connection closed, global session state cleared
