2025-05-14 04:15:40,984 - fleetserverapi - INFO - LANCEDB_URI is databases/lance
2025-05-14 04:15:40,985 - fleetserverapi - INFO - Short embedding model name is all-MiniLM-L6-v2
2025-05-14 04:15:40,985 - fleetserverapi - INFO - Long embedding model name is nomic-ai/nomic-embed-text-v1.5
2025-05-14 04:15:40,985 - fleetserverapi - INFO - Connecting to LanceDB.
2025-05-14 04:15:40,987 - fleetserverapi - INFO - Begin connecting to sqlite
2025-05-14 04:15:40,988 - fleetserverapi - INFO - Sqlite database uri is databases/sqlite/text_content_reference.db
2025-05-14 04:15:40,990 - fleetserverapi - INFO - LanceDB connection successful.
2025-05-14 04:15:41,031 - fleetserverapi - INFO - Loading Embedding model: 
2025-05-14 04:15:42,516 - fleetserverapi - INFO - Short embedding model created
2025-05-14 04:15:45,807 - fleetserverapi - INFO - Long embedding model created
2025-05-14 04:15:45,808 - fleetserverapi - INFO - Embedding Models Loaded: Vector Dimension: 384 and 768
2025-05-14 04:15:45,808 - fleetserverapi - INFO - Creating or opening table: content_vector_data
2025-05-14 04:15:45,811 - fleetserverapi - INFO - Table content_vector_data opened successfully
2025-05-14 04:15:45,813 - fleetserverapi - INFO - Table context_vector_data opened successfully
2025-05-14 04:15:45,815 - fleetserverapi - INFO - Startup Complete
2025-05-14 04:17:36,587 - fleetserverapi - INFO - Post endpoint hit
2025-05-14 04:17:36,588 - fleetserverapi - INFO - Create retrieve context id called
2025-05-14 04:17:36,588 - fleetserverapi - INFO - Begins summarizing
2025-05-14 04:18:03,655 - fleetserverapi - INFO - Completes Summarizationn
2025-05-14 04:18:32,757 - fleetserverapi - INFO - Cache hit for request 'Please provide the text you would like me to summa...' with distance 2.7405
2025-05-14 04:18:32,762 - fleetserverapi - INFO - Populate_response_dict called
2025-05-14 04:18:37,469 - fleetserverapi - INFO - GenAI client obtained from session_globals
2025-05-14 04:18:38,728 - fleetserverapi - INFO - Context cache created: cachedContents/v7mipfcwhay9wj62dnizcta04z2xnfkukvmcvwsu
2025-05-14 04:18:51,203 - fleetserverapi - INFO - Prompt task for ID 79b07822-56ba-4d8c-a285-7e9fb82c5276 completed successfully.
2025-05-14 04:18:51,203 - fleetserverapi - INFO - Prompt task for ID fedf3739-77dd-48e3-a930-08fd25dcbf7b completed successfully.
2025-05-14 04:18:51,203 - fleetserverapi - INFO - Prompt task for ID 8eddb4c8-bde5-4f3c-a131-d62a1f423b71 completed successfully.
2025-05-14 04:18:51,204 - fleetserverapi - INFO - Prompt task for ID ae79b9f5-dc2d-447a-af35-42ae50053b83 completed successfully.
2025-05-14 04:18:51,204 - fleetserverapi - INFO - Prompt task for ID 570222d9-fe86-479c-b35e-025890af4d62 completed successfully.
2025-05-14 04:18:51,204 - fleetserverapi - INFO - Prompt iteration finished: All 5 prompts processed successfully.
2025-05-14 04:18:51,205 - fleetserverapi - INFO - Prompt iteration completed
2025-05-14 04:18:51,205 - fleetserverapi - INFO - Attempting to delete GENAI cache 'cachedContents/v7mipfcwhay9wj62dnizcta04z2xnfkukvmcvwsu'
2025-05-14 04:18:51,666 - fleetserverapi - WARNING - Main endpoint failure: Length of item not correct: expected 384 but got array of size 1
2025-05-14 04:19:43,035 - fleetserverapi - INFO - Shutting down application.
2025-05-14 04:19:43,036 - fleetserverapi - INFO - LanceDB Connection closed, global session state cleared
