2025-05-12 04:36:14,637 - fleetserverapi - INFO - LANCEDB_URI is ../databases/lance
2025-05-12 04:36:14,637 - fleetserverapi - INFO - Short embedding model name is all-MiniLM-L6-v2
2025-05-12 04:36:14,638 - fleetserverapi - INFO - Long embedding model name is nomic-ai/nomic-embed-text-v1.5
2025-05-12 04:36:14,638 - fleetserverapi - INFO - Connecting to LanceDB.
2025-05-12 04:36:14,641 - fleetserverapi - INFO - Begin connecting to sqlite
2025-05-12 04:36:14,641 - fleetserverapi - INFO - Sqlite database uri is ../databases/sqlite
2025-05-12 04:36:14,645 - fleetserverapi - INFO - LanceDB connection successful.
2025-05-12 04:36:14,646 - fleetserverapi - INFO - Loading Embedding model: 
2025-05-12 04:36:15,909 - fleetserverapi - INFO - Short embedding model created
2025-05-12 04:36:19,384 - fleetserverapi - INFO - Long embedding model created
2025-05-12 04:36:19,385 - fleetserverapi - INFO - Embedding Models Loaded: Vector Dimension: 384 and 768
2025-05-12 04:36:19,386 - fleetserverapi - INFO - Creating or opening table: content_vector_data
2025-05-12 04:36:19,391 - fleetserverapi - INFO - Table content_vector_data opened successfully
2025-05-12 04:36:19,395 - fleetserverapi - INFO - Table context_vector_data opened successfully
2025-05-12 04:36:19,396 - fleetserverapi - INFO - Startup Complete
2025-05-12 04:36:27,819 - fleetserverapi - INFO - Post endpoint hit
2025-05-12 04:36:27,819 - fleetserverapi - INFO - Create retrieve context id called
2025-05-12 04:37:00,457 - fleetserverapi - WARNING - Main endpoint failure: 'coroutine' object has no attribute 'limit'
2025-05-12 04:38:50,534 - fleetserverapi - INFO - Shutting down application.
2025-05-12 04:38:50,534 - fleetserverapi - INFO - LanceDB Connection closed, global session state cleared
