2025-05-12 14:35:34,364 - fleetserverapi - INFO - LANCEDB_URI is ../databases/lance
2025-05-12 14:35:34,364 - fleetserverapi - INFO - Short embedding model name is all-MiniLM-L6-v2
2025-05-12 14:35:34,364 - fleetserverapi - INFO - Long embedding model name is nomic-ai/nomic-embed-text-v1.5
2025-05-12 14:35:34,365 - fleetserverapi - INFO - Connecting to LanceDB.
2025-05-12 14:35:34,367 - fleetserverapi - INFO - Begin connecting to sqlite
2025-05-12 14:35:34,367 - fleetserverapi - INFO - Sqlite database uri is ../databases/sqlite
2025-05-12 14:35:34,370 - fleetserverapi - INFO - LanceDB connection successful.
2025-05-12 14:35:34,371 - fleetserverapi - INFO - Loading Embedding model: 
2025-05-12 14:35:35,814 - fleetserverapi - INFO - Short embedding model created
2025-05-12 14:35:39,142 - fleetserverapi - INFO - Long embedding model created
2025-05-12 14:35:39,143 - fleetserverapi - INFO - Embedding Models Loaded: Vector Dimension: 384 and 768
2025-05-12 14:35:39,143 - fleetserverapi - INFO - Creating or opening table: content_vector_data
2025-05-12 14:35:39,147 - fleetserverapi - INFO - Table content_vector_data opened successfully
2025-05-12 14:35:39,150 - fleetserverapi - INFO - Table context_vector_data opened successfully
2025-05-12 14:35:39,153 - fleetserverapi - INFO - Startup Complete
2025-05-12 14:35:59,233 - fleetserverapi - INFO - Post endpoint hit
2025-05-12 14:35:59,233 - fleetserverapi - INFO - Create retrieve context id called
2025-05-12 14:36:32,079 - fleetserverapi - INFO - Populate_response_dict called
2025-05-12 14:36:33,336 - fleetserverapi - ERROR - Error populating response model: 1 validation error for BasePromptResponseDBItemModel
prompt_content
  Field required [type=missing, input_value={}, input_type=dict]
    For further information visit https://errors.pydantic.dev/2.11/v/missing
2025-05-12 14:36:33,337 - fleetserverapi - WARNING - Main endpoint failure: 500: Error populating response model
2025-05-12 14:40:14,232 - fleetserverapi - INFO - Shutting down application.
2025-05-12 14:40:14,232 - fleetserverapi - INFO - LanceDB Connection closed, global session state cleared
