2025-05-12 12:25:43,092 - fleetserverapi - INFO - LANCEDB_URI is ../databases/lance
2025-05-12 12:25:43,092 - fleetserverapi - INFO - Short embedding model name is all-MiniLM-L6-v2
2025-05-12 12:25:43,093 - fleetserverapi - INFO - Long embedding model name is nomic-ai/nomic-embed-text-v1.5
2025-05-12 12:25:43,093 - fleetserverapi - INFO - Connecting to LanceDB.
2025-05-12 12:25:43,095 - fleetserverapi - INFO - Begin connecting to sqlite
2025-05-12 12:25:43,095 - fleetserverapi - INFO - Sqlite database uri is ../databases/sqlite
2025-05-12 12:25:43,099 - fleetserverapi - INFO - LanceDB connection successful.
2025-05-12 12:25:43,101 - fleetserverapi - INFO - Loading Embedding model: 
2025-05-12 12:25:44,502 - fleetserverapi - INFO - Short embedding model created
2025-05-12 12:25:47,938 - fleetserverapi - INFO - Long embedding model created
2025-05-12 12:25:47,938 - fleetserverapi - INFO - Embedding Models Loaded: Vector Dimension: 384 and 768
2025-05-12 12:25:47,939 - fleetserverapi - INFO - Creating or opening table: content_vector_data
2025-05-12 12:25:47,942 - fleetserverapi - INFO - Table content_vector_data opened successfully
2025-05-12 12:25:47,945 - fleetserverapi - INFO - Table context_vector_data opened successfully
2025-05-12 12:25:47,948 - fleetserverapi - INFO - Startup Complete
2025-05-12 12:25:59,255 - fleetserverapi - INFO - Post endpoint hit
2025-05-12 12:25:59,255 - fleetserverapi - INFO - Create retrieve context id called
2025-05-12 12:26:31,598 - fleetserverapi - WARNING - Main endpoint failure: 'pyarrow.lib.FixedSizeListArray' object has no attribute 'shape'
2025-05-12 12:27:06,675 - fleetserverapi - INFO - Shutting down application.
2025-05-12 12:27:06,677 - fleetserverapi - INFO - LanceDB Connection closed, global session state cleared
