2025-05-12 13:51:50,469 - fleetserverapi - INFO - LANCEDB_URI is ../databases/lance
2025-05-12 13:51:50,470 - fleetserverapi - INFO - Short embedding model name is all-MiniLM-L6-v2
2025-05-12 13:51:50,470 - fleetserverapi - INFO - Long embedding model name is nomic-ai/nomic-embed-text-v1.5
2025-05-12 13:51:50,471 - fleetserverapi - INFO - Connecting to LanceDB.
2025-05-12 13:51:50,473 - fleetserverapi - INFO - Begin connecting to sqlite
2025-05-12 13:51:50,474 - fleetserverapi - INFO - Sqlite database uri is ../databases/sqlite
2025-05-12 13:51:50,477 - fleetserverapi - INFO - LanceDB connection successful.
2025-05-12 13:51:50,478 - fleetserverapi - INFO - Loading Embedding model: 
2025-05-12 13:51:52,071 - fleetserverapi - INFO - Short embedding model created
2025-05-12 13:51:55,568 - fleetserverapi - INFO - Long embedding model created
2025-05-12 13:51:55,569 - fleetserverapi - INFO - Embedding Models Loaded: Vector Dimension: 384 and 768
2025-05-12 13:51:55,570 - fleetserverapi - INFO - Creating or opening table: content_vector_data
2025-05-12 13:51:55,575 - fleetserverapi - INFO - Table content_vector_data opened successfully
2025-05-12 13:51:55,578 - fleetserverapi - INFO - Table context_vector_data opened successfully
2025-05-12 13:51:55,580 - fleetserverapi - INFO - Startup Complete
2025-05-12 13:52:43,302 - fleetserverapi - INFO - Post endpoint hit
2025-05-12 13:52:43,302 - fleetserverapi - INFO - Create retrieve context id called
2025-05-12 13:53:23,876 - fleetserverapi - INFO - Populate_response_dict called
2025-05-12 13:53:23,878 - fleetserverapi - ERROR - Error populating response model: Prompt name 'True' not found in the configured prompts dictionary with keys [].
2025-05-12 13:53:23,879 - fleetserverapi - WARNING - Main endpoint failure: 500: Error populating response model
2025-05-12 13:57:41,672 - fleetserverapi - INFO - Shutting down application.
2025-05-12 13:57:41,672 - fleetserverapi - INFO - LanceDB Connection closed, global session state cleared
