2025-05-12 10:45:32,213 - fleetserverapi - INFO - LANCEDB_URI is ../databases/lance
2025-05-12 10:45:32,214 - fleetserverapi - INFO - Short embedding model name is all-MiniLM-L6-v2
2025-05-12 10:45:32,214 - fleetserverapi - INFO - Long embedding model name is nomic-ai/nomic-embed-text-v1.5
2025-05-12 10:45:32,215 - fleetserverapi - INFO - Connecting to LanceDB.
2025-05-12 10:45:32,217 - fleetserverapi - INFO - Begin connecting to sqlite
2025-05-12 10:45:32,217 - fleetserverapi - INFO - Sqlite database uri is ../databases/sqlite
2025-05-12 10:45:32,220 - fleetserverapi - INFO - LanceDB connection successful.
2025-05-12 10:45:32,221 - fleetserverapi - INFO - Loading Embedding model: 
2025-05-12 10:45:33,447 - fleetserverapi - INFO - Short embedding model created
2025-05-12 10:45:37,432 - fleetserverapi - INFO - Long embedding model created
2025-05-12 10:45:37,433 - fleetserverapi - INFO - Embedding Models Loaded: Vector Dimension: 384 and 768
2025-05-12 10:45:37,433 - fleetserverapi - INFO - Creating or opening table: content_vector_data
2025-05-12 10:45:37,436 - fleetserverapi - INFO - Table content_vector_data opened successfully
2025-05-12 10:45:37,439 - fleetserverapi - INFO - Table context_vector_data opened successfully
2025-05-12 10:45:37,442 - fleetserverapi - INFO - Startup Complete
2025-05-12 10:45:49,568 - fleetserverapi - INFO - Post endpoint hit
2025-05-12 10:45:49,569 - fleetserverapi - INFO - Create retrieve context id called
2025-05-12 10:46:22,653 - fleetserverapi - WARNING - Main endpoint failure: lance error: LanceError(Index): Data type is not a vector (FixedSizeListArray or List<FixedSizeListArray>), but Float64, C:\Users\runneradmin\.cargo\registry\src\index.crates.io-6f17d22bba15001f\lance-0.26.0\src\index\vector\utils.rs:101:23
2025-05-12 10:46:57,699 - fleetserverapi - INFO - Shutting down application.
2025-05-12 10:46:57,700 - fleetserverapi - INFO - LanceDB Connection closed, global session state cleared
