2025-05-12 13:33:10,057 - fleetserverapi - INFO - LANCEDB_URI is ../databases/lance
2025-05-12 13:33:10,057 - fleetserverapi - INFO - Short embedding model name is all-MiniLM-L6-v2
2025-05-12 13:33:10,058 - fleetserverapi - INFO - Long embedding model name is nomic-ai/nomic-embed-text-v1.5
2025-05-12 13:33:10,058 - fleetserverapi - INFO - Connecting to LanceDB.
2025-05-12 13:33:10,059 - fleetserverapi - INFO - Begin connecting to sqlite
2025-05-12 13:33:10,060 - fleetserverapi - INFO - Sqlite database uri is ../databases/sqlite
2025-05-12 13:33:10,062 - fleetserverapi - INFO - LanceDB connection successful.
2025-05-12 13:33:10,063 - fleetserverapi - INFO - Loading Embedding model: 
2025-05-12 13:33:11,631 - fleetserverapi - INFO - Short embedding model created
2025-05-12 13:33:15,068 - fleetserverapi - INFO - Long embedding model created
2025-05-12 13:33:15,068 - fleetserverapi - INFO - Embedding Models Loaded: Vector Dimension: 384 and 768
2025-05-12 13:33:15,069 - fleetserverapi - INFO - Creating or opening table: content_vector_data
2025-05-12 13:33:15,072 - fleetserverapi - INFO - Table content_vector_data opened successfully
2025-05-12 13:33:15,076 - fleetserverapi - INFO - Table context_vector_data opened successfully
2025-05-12 13:33:15,078 - fleetserverapi - INFO - Startup Complete
2025-05-12 13:33:46,084 - fleetserverapi - INFO - Post endpoint hit
2025-05-12 13:33:46,084 - fleetserverapi - INFO - Create retrieve context id called
2025-05-12 13:34:18,866 - fleetserverapi - INFO - Populate_response_dict called
2025-05-12 13:34:18,869 - fleetserverapi - ERROR - Error populating response model: Prompt name 'True' not found in the configured prompts dictionary with keys [].
2025-05-12 13:34:18,869 - fleetserverapi - WARNING - Main endpoint failure: 500: Error populating response model
2025-05-12 13:37:52,769 - fleetserverapi - INFO - Shutting down application.
2025-05-12 13:37:52,769 - fleetserverapi - INFO - LanceDB Connection closed, global session state cleared
