2025-05-14 01:51:42,500 - fleetserverapi - INFO - LANCEDB_URI is databases/lance
2025-05-14 01:51:42,501 - fleetserverapi - INFO - Short embedding model name is all-MiniLM-L6-v2
2025-05-14 01:51:42,501 - fleetserverapi - INFO - Long embedding model name is nomic-ai/nomic-embed-text-v1.5
2025-05-14 01:51:42,502 - fleetserverapi - INFO - Connecting to LanceDB.
2025-05-14 01:51:42,504 - fleetserverapi - INFO - Begin connecting to sqlite
2025-05-14 01:51:42,504 - fleetserverapi - INFO - Sqlite database uri is databases/sqlite/text_content_reference.db
2025-05-14 01:51:42,510 - fleetserverapi - INFO - LanceDB connection successful.
2025-05-14 01:51:42,545 - fleetserverapi - INFO - Loading Embedding model: 
2025-05-14 01:51:44,021 - fleetserverapi - INFO - Short embedding model created
2025-05-14 01:51:47,542 - fleetserverapi - INFO - Long embedding model created
2025-05-14 01:51:47,542 - fleetserverapi - INFO - Embedding Models Loaded: Vector Dimension: 384 and 768
2025-05-14 01:51:47,543 - fleetserverapi - INFO - Creating or opening table: content_vector_data
2025-05-14 01:51:47,546 - fleetserverapi - INFO - Table content_vector_data opened successfully
2025-05-14 01:51:47,550 - fleetserverapi - INFO - Table context_vector_data opened successfully
2025-05-14 01:51:47,552 - fleetserverapi - INFO - Startup Complete
2025-05-14 01:51:55,868 - fleetserverapi - INFO - Post endpoint hit
2025-05-14 01:51:55,868 - fleetserverapi - INFO - Create retrieve context id called
2025-05-14 01:51:55,869 - fleetserverapi - INFO - Begins summarizing
2025-05-14 01:52:15,941 - fleetserverapi - INFO - Completes Summarizationn
2025-05-14 01:52:44,599 - fleetserverapi - INFO - Cache hit for request 'Please provide the text you would like me to summa...' with distance 1.6414
2025-05-14 01:52:44,604 - fleetserverapi - INFO - Populate_response_dict called
2025-05-14 01:52:49,868 - fleetserverapi - INFO - GenAI client obtained from session_globals
2025-05-14 01:52:51,118 - fleetserverapi - INFO - Context cache created: cachedContents/gqd8a5boyqf1az537a4xlzu35axa1k42pnqwggkd
2025-05-14 01:52:57,913 - fleetserverapi - INFO - Prompt task for ID 0933268a-9c97-457e-b6c8-481047c8c624 completed successfully.
2025-05-14 01:52:57,914 - fleetserverapi - INFO - Prompt task for ID 58b41ef7-0284-4234-af0f-84cfaf1552ca completed successfully.
2025-05-14 01:52:57,914 - fleetserverapi - INFO - Prompt task for ID 469fac1f-ec8c-403c-925d-6e19f6d49228 completed successfully.
2025-05-14 01:52:57,915 - fleetserverapi - INFO - Prompt task for ID 7bbd3448-c863-4e3b-972e-f293ba94fb97 completed successfully.
2025-05-14 01:52:57,915 - fleetserverapi - INFO - Prompt task for ID fbf6a06e-c6fb-4951-9b77-3574d71cf2c2 completed successfully.
2025-05-14 01:52:57,915 - fleetserverapi - INFO - Prompt iteration finished: All 5 prompts processed successfully.
2025-05-14 01:52:57,916 - fleetserverapi - INFO - Prompt iteration completed
2025-05-14 01:52:57,916 - fleetserverapi - INFO - Attempting to delete GENAI cache 'cachedContents/gqd8a5boyqf1az537a4xlzu35axa1k42pnqwggkd'
2025-05-14 01:52:58,368 - fleetserverapi - WARNING - Main endpoint failure: 'NoneType' object is not iterable
2025-05-14 02:05:11,009 - fleetserverapi - INFO - Shutting down application.
2025-05-14 02:05:11,010 - fleetserverapi - INFO - LanceDB Connection closed, global session state cleared
