2025-05-12 14:15:35,832 - fleetserverapi - INFO - LANCEDB_URI is ../databases/lance
2025-05-12 14:15:35,833 - fleetserverapi - INFO - Short embedding model name is all-MiniLM-L6-v2
2025-05-12 14:15:35,833 - fleetserverapi - INFO - Long embedding model name is nomic-ai/nomic-embed-text-v1.5
2025-05-12 14:15:35,833 - fleetserverapi - INFO - Connecting to LanceDB.
2025-05-12 14:15:35,835 - fleetserverapi - INFO - Begin connecting to sqlite
2025-05-12 14:15:35,835 - fleetserverapi - INFO - Sqlite database uri is ../databases/sqlite
2025-05-12 14:15:35,839 - fleetserverapi - INFO - LanceDB connection successful.
2025-05-12 14:15:35,840 - fleetserverapi - INFO - Loading Embedding model: 
2025-05-12 14:15:37,334 - fleetserverapi - INFO - Short embedding model created
2025-05-12 14:15:41,564 - fleetserverapi - INFO - Long embedding model created
2025-05-12 14:15:41,564 - fleetserverapi - INFO - Embedding Models Loaded: Vector Dimension: 384 and 768
2025-05-12 14:15:41,565 - fleetserverapi - INFO - Creating or opening table: content_vector_data
2025-05-12 14:15:41,568 - fleetserverapi - INFO - Table content_vector_data opened successfully
2025-05-12 14:15:41,571 - fleetserverapi - INFO - Table context_vector_data opened successfully
2025-05-12 14:15:41,574 - fleetserverapi - INFO - Startup Complete
2025-05-12 14:15:46,676 - fleetserverapi - INFO - Post endpoint hit
2025-05-12 14:15:46,677 - fleetserverapi - INFO - Create retrieve context id called
2025-05-12 14:16:19,292 - fleetserverapi - INFO - Populate_response_dict called
2025-05-12 14:16:19,293 - fleetserverapi - ERROR - Error populating response model: BaseEventLoop.run_in_executor() got an unexpected keyword argument 'sentences'
2025-05-12 14:16:19,294 - fleetserverapi - WARNING - Main endpoint failure: 500: Error populating response model
2025-05-12 14:18:06,552 - fleetserverapi - INFO - Shutting down application.
2025-05-12 14:18:06,553 - fleetserverapi - INFO - LanceDB Connection closed, global session state cleared
