2025-05-13 10:39:21,308 - fleetserverapi - INFO - LANCEDB_URI is ../databases/lance
2025-05-13 10:39:21,308 - fleetserverapi - INFO - Short embedding model name is all-MiniLM-L6-v2
2025-05-13 10:39:21,309 - fleetserverapi - INFO - Long embedding model name is nomic-ai/nomic-embed-text-v1.5
2025-05-13 10:39:21,309 - fleetserverapi - INFO - Connecting to LanceDB.
2025-05-13 10:39:21,312 - fleetserverapi - INFO - Begin connecting to sqlite
2025-05-13 10:39:21,312 - fleetserverapi - INFO - Sqlite database uri is ../databases/sqlite
2025-05-13 10:39:21,315 - fleetserverapi - INFO - LanceDB connection successful.
2025-05-13 10:39:21,379 - fleetserverapi - INFO - Loading Embedding model: 
2025-05-13 10:39:23,528 - fleetserverapi - INFO - Short embedding model created
2025-05-13 10:39:27,118 - fleetserverapi - INFO - Long embedding model created
2025-05-13 10:39:27,119 - fleetserverapi - INFO - Embedding Models Loaded: Vector Dimension: 384 and 768
2025-05-13 10:39:27,119 - fleetserverapi - INFO - Creating or opening table: content_vector_data
2025-05-13 10:39:27,122 - fleetserverapi - INFO - Table content_vector_data opened successfully
2025-05-13 10:39:27,124 - fleetserverapi - INFO - Table context_vector_data opened successfully
2025-05-13 10:39:27,126 - fleetserverapi - INFO - Startup Complete
2025-05-13 10:39:54,961 - fleetserverapi - INFO - Post endpoint hit
2025-05-13 10:39:54,963 - fleetserverapi - INFO - Create retrieve context id called
2025-05-13 10:39:54,963 - fleetserverapi - INFO - Begins summarizing
2025-05-13 10:40:21,623 - fleetserverapi - INFO - Completes Summarizationn
2025-05-13 10:40:52,709 - fleetserverapi - INFO - Cache hit for request 'Please provide the text you would like me to summa...' with distance 6.1924
2025-05-13 10:40:52,718 - fleetserverapi - WARNING - Main endpoint failure: no such column: document_id
2025-05-13 10:41:57,927 - fleetserverapi - INFO - Shutting down application.
2025-05-13 10:41:57,928 - fleetserverapi - INFO - LanceDB Connection closed, global session state cleared
