2025-05-12 05:21:09,665 - fleetserverapi - INFO - LANCEDB_URI is ../databases/lance
2025-05-12 05:21:09,666 - fleetserverapi - INFO - Short embedding model name is all-MiniLM-L6-v2
2025-05-12 05:21:09,666 - fleetserverapi - INFO - Long embedding model name is nomic-ai/nomic-embed-text-v1.5
2025-05-12 05:21:09,666 - fleetserverapi - INFO - Connecting to LanceDB.
2025-05-12 05:21:09,668 - fleetserverapi - INFO - Begin connecting to sqlite
2025-05-12 05:21:09,669 - fleetserverapi - INFO - Sqlite database uri is ../databases/sqlite
2025-05-12 05:21:09,672 - fleetserverapi - INFO - LanceDB connection successful.
2025-05-12 05:21:09,675 - fleetserverapi - INFO - Loading Embedding model: 
2025-05-12 05:21:11,226 - fleetserverapi - INFO - Short embedding model created
2025-05-12 05:21:14,602 - fleetserverapi - INFO - Long embedding model created
2025-05-12 05:21:14,602 - fleetserverapi - INFO - Embedding Models Loaded: Vector Dimension: 384 and 768
2025-05-12 05:21:14,603 - fleetserverapi - INFO - Creating or opening table: content_vector_data
2025-05-12 05:21:14,606 - fleetserverapi - INFO - Table content_vector_data opened successfully
2025-05-12 05:21:14,608 - fleetserverapi - INFO - Table context_vector_data opened successfully
2025-05-12 05:21:14,613 - fleetserverapi - INFO - Startup Complete
2025-05-12 05:21:22,973 - fleetserverapi - INFO - Post endpoint hit
2025-05-12 05:21:22,973 - fleetserverapi - INFO - Create retrieve context id called
2025-05-12 05:21:57,469 - fleetserverapi - WARNING - Main endpoint failure: only handle 1-dimensional arrays
2025-05-12 10:31:55,005 - fleetserverapi - INFO - Shutting down application.
2025-05-12 10:31:55,005 - fleetserverapi - INFO - LanceDB Connection closed, global session state cleared
