2025-05-14 03:35:08,054 - fleetserverapi - INFO - LANCEDB_URI is databases/lance
2025-05-14 03:35:08,055 - fleetserverapi - INFO - Short embedding model name is all-MiniLM-L6-v2
2025-05-14 03:35:08,055 - fleetserverapi - INFO - Long embedding model name is nomic-ai/nomic-embed-text-v1.5
2025-05-14 03:35:08,055 - fleetserverapi - INFO - Connecting to LanceDB.
2025-05-14 03:35:08,058 - fleetserverapi - INFO - Begin connecting to sqlite
2025-05-14 03:35:08,058 - fleetserverapi - INFO - Sqlite database uri is databases/sqlite/text_content_reference.db
2025-05-14 03:35:08,061 - fleetserverapi - INFO - LanceDB connection successful.
2025-05-14 03:35:08,103 - fleetserverapi - INFO - Loading Embedding model: 
2025-05-14 03:35:09,913 - fleetserverapi - INFO - Short embedding model created
2025-05-14 03:35:13,601 - fleetserverapi - INFO - Long embedding model created
2025-05-14 03:35:13,602 - fleetserverapi - INFO - Embedding Models Loaded: Vector Dimension: 384 and 768
2025-05-14 03:35:13,603 - fleetserverapi - INFO - Creating or opening table: content_vector_data
2025-05-14 03:35:13,606 - fleetserverapi - INFO - Table content_vector_data opened successfully
2025-05-14 03:35:13,610 - fleetserverapi - INFO - Table context_vector_data opened successfully
2025-05-14 03:35:13,612 - fleetserverapi - INFO - Startup Complete
2025-05-14 03:40:53,821 - fleetserverapi - INFO - Post endpoint hit
2025-05-14 03:40:53,822 - fleetserverapi - INFO - Create retrieve context id called
2025-05-14 03:40:53,822 - fleetserverapi - INFO - Begins summarizing
2025-05-14 03:41:34,863 - fleetserverapi - INFO - Completes Summarizationn
2025-05-14 03:42:03,315 - fleetserverapi - INFO - Cache hit for request 'Please provide me with the text you would like me ...' with distance 2.8544
2025-05-14 03:42:03,320 - fleetserverapi - INFO - Populate_response_dict called
2025-05-14 03:42:08,656 - fleetserverapi - INFO - GenAI client obtained from session_globals
2025-05-14 03:42:09,942 - fleetserverapi - INFO - Context cache created: cachedContents/5hizzr91qyr9c8lsjrxtvzkuyrmax9k1fms8l6eg
2025-05-14 03:42:25,321 - fleetserverapi - INFO - Prompt task for ID ba46b4d7-a4b0-44f2-88bd-483525981542 completed successfully.
2025-05-14 03:42:25,322 - fleetserverapi - INFO - Prompt task for ID 01ccbf61-4a40-4b56-9c6c-48cd747044bf completed successfully.
2025-05-14 03:42:25,322 - fleetserverapi - INFO - Prompt task for ID 8b7da7b9-3b7b-49e0-9938-61bf92151bf7 completed successfully.
2025-05-14 03:42:25,323 - fleetserverapi - INFO - Prompt task for ID d4956510-ffe8-4bab-888e-5d9aad363cce completed successfully.
2025-05-14 03:42:25,324 - fleetserverapi - INFO - Prompt task for ID a65535ff-cf5e-48f4-903d-f0dbbdaa36ee completed successfully.
2025-05-14 03:42:25,324 - fleetserverapi - INFO - Prompt iteration finished: All 5 prompts processed successfully.
2025-05-14 03:42:25,325 - fleetserverapi - INFO - Prompt iteration completed
2025-05-14 03:42:25,326 - fleetserverapi - INFO - Attempting to delete GENAI cache 'cachedContents/5hizzr91qyr9c8lsjrxtvzkuyrmax9k1fms8l6eg'
2025-05-14 03:42:25,777 - fleetserverapi - WARNING - Main endpoint failure: Column 1 named vector_short expected length 36 but got length 1
2025-05-14 03:59:18,268 - fleetserverapi - INFO - Shutting down application.
2025-05-14 03:59:18,269 - fleetserverapi - INFO - LanceDB Connection closed, global session state cleared
