2025-05-12 14:25:44,283 - fleetserverapi - INFO - LANCEDB_URI is ../databases/lance
2025-05-12 14:25:44,283 - fleetserverapi - INFO - Short embedding model name is all-MiniLM-L6-v2
2025-05-12 14:25:44,284 - fleetserverapi - INFO - Long embedding model name is nomic-ai/nomic-embed-text-v1.5
2025-05-12 14:25:44,284 - fleetserverapi - INFO - Connecting to LanceDB.
2025-05-12 14:25:44,286 - fleetserverapi - INFO - Begin connecting to sqlite
2025-05-12 14:25:44,286 - fleetserverapi - INFO - Sqlite database uri is ../databases/sqlite
2025-05-12 14:25:44,289 - fleetserverapi - INFO - LanceDB connection successful.
2025-05-12 14:25:44,290 - fleetserverapi - INFO - Loading Embedding model: 
2025-05-12 14:25:45,668 - fleetserverapi - INFO - Short embedding model created
2025-05-12 14:25:49,076 - fleetserverapi - INFO - Long embedding model created
2025-05-12 14:25:49,076 - fleetserverapi - INFO - Embedding Models Loaded: Vector Dimension: 384 and 768
2025-05-12 14:25:49,077 - fleetserverapi - INFO - Creating or opening table: content_vector_data
2025-05-12 14:25:49,080 - fleetserverapi - INFO - Table content_vector_data opened successfully
2025-05-12 14:25:49,084 - fleetserverapi - INFO - Table context_vector_data opened successfully
2025-05-12 14:25:49,086 - fleetserverapi - INFO - Startup Complete
2025-05-12 14:26:00,857 - fleetserverapi - INFO - Post endpoint hit
2025-05-12 14:26:00,858 - fleetserverapi - INFO - Create retrieve context id called
2025-05-12 14:26:34,600 - fleetserverapi - INFO - Populate_response_dict called
2025-05-12 14:26:34,604 - fleetserverapi - ERROR - Error populating response model: 'NoneType' object is not callable
2025-05-12 14:26:34,605 - fleetserverapi - WARNING - Main endpoint failure: 500: Error populating response model
2025-05-12 14:27:59,275 - fleetserverapi - INFO - Shutting down application.
2025-05-12 14:27:59,276 - fleetserverapi - INFO - LanceDB Connection closed, global session state cleared
