2025-05-12 04:23:16,275 - fleetserverapi - INFO - LANCEDB_URI is ../databases/lance
2025-05-12 04:23:16,275 - fleetserverapi - INFO - Short embedding model name is all-MiniLM-L6-v2
2025-05-12 04:23:16,276 - fleetserverapi - INFO - Long embedding model name is nomic-ai/nomic-embed-text-v1.5
2025-05-12 04:23:16,276 - fleetserverapi - INFO - Connecting to LanceDB.
2025-05-12 04:23:16,278 - fleetserverapi - INFO - Begin connecting to sqlite
2025-05-12 04:23:16,279 - fleetserverapi - INFO - Sqlite database uri is ../databases/sqlite
2025-05-12 04:23:16,282 - fleetserverapi - INFO - LanceDB connection successful.
2025-05-12 04:23:16,282 - fleetserverapi - INFO - Loading Embedding model: 
2025-05-12 04:23:17,517 - fleetserverapi - INFO - Short embedding model created
2025-05-12 04:23:20,765 - fleetserverapi - INFO - Long embedding model created
2025-05-12 04:23:20,765 - fleetserverapi - INFO - Embedding Models Loaded: Vector Dimension: 384 and 768
2025-05-12 04:23:20,766 - fleetserverapi - INFO - Creating or opening table: content_vector_data
2025-05-12 04:23:20,771 - fleetserverapi - INFO - Table content_vector_data opened successfully
2025-05-12 04:23:20,775 - fleetserverapi - INFO - Table context_vector_data opened successfully
2025-05-12 04:23:20,776 - fleetserverapi - INFO - Startup Complete
2025-05-12 04:23:35,972 - fleetserverapi - INFO - Post endpoint hit
2025-05-12 04:23:35,972 - fleetserverapi - INFO - Create retrieve context id called
2025-05-12 04:24:11,333 - fleetserverapi - WARNING - Main endpoint failure: object numpy.ndarray can't be used in 'await' expression
2025-05-12 04:26:12,641 - fleetserverapi - INFO - Shutting down application.
2025-05-12 04:26:12,642 - fleetserverapi - INFO - LanceDB Connection closed, global session state cleared
