2025-05-12 04:12:02,354 - fleetserverapi - INFO - LANCEDB_URI is ../databases/lance
2025-05-12 04:12:02,354 - fleetserverapi - INFO - Short embedding model name is all-MiniLM-L6-v2
2025-05-12 04:12:02,355 - fleetserverapi - INFO - Long embedding model name is nomic-ai/nomic-embed-text-v1.5
2025-05-12 04:12:02,355 - fleetserverapi - INFO - Connecting to LanceDB.
2025-05-12 04:12:02,357 - fleetserverapi - INFO - Begin connecting to sqlite
2025-05-12 04:12:02,358 - fleetserverapi - INFO - Sqlite database uri is ../databases/sqlite
2025-05-12 04:12:02,361 - fleetserverapi - INFO - LanceDB connection successful.
2025-05-12 04:12:02,362 - fleetserverapi - INFO - Loading Embedding model: 
2025-05-12 04:12:03,621 - fleetserverapi - INFO - Short embedding model created
2025-05-12 04:12:06,976 - fleetserverapi - INFO - Long embedding model created
2025-05-12 04:12:06,977 - fleetserverapi - INFO - Embedding Models Loaded: Vector Dimension: 384 and 768
2025-05-12 04:12:06,977 - fleetserverapi - INFO - Creating or opening table: content_vector_data
2025-05-12 04:12:06,981 - fleetserverapi - INFO - Table content_vector_data opened successfully
2025-05-12 04:12:06,984 - fleetserverapi - INFO - Table context_vector_data opened successfully
2025-05-12 04:12:06,984 - fleetserverapi - INFO - Startup Complete
2025-05-12 04:12:21,685 - fleetserverapi - INFO - Post endpoint hit
2025-05-12 04:12:21,686 - fleetserverapi - INFO - Create retrieve context id called
2025-05-12 04:12:21,686 - fleetserverapi - WARNING - Main endpoint failure: sequence item 0: expected str instance, BasePromptRequestItem found
2025-05-12 04:14:46,671 - fleetserverapi - INFO - Shutting down application.
2025-05-12 04:14:46,671 - fleetserverapi - INFO - LanceDB Connection closed, global session state cleared
