2025-05-14 13:13:36,584 - fleetserverapi - INFO - LANCEDB_URI is databases/lance
2025-05-14 13:13:36,584 - fleetserverapi - INFO - Short embedding model name is all-MiniLM-L6-v2
2025-05-14 13:13:36,585 - fleetserverapi - INFO - Long embedding model name is nomic-ai/nomic-embed-text-v1.5
2025-05-14 13:13:36,585 - fleetserverapi - INFO - Connecting to LanceDB.
2025-05-14 13:13:36,587 - fleetserverapi - INFO - Begin connecting to sqlite
2025-05-14 13:13:36,587 - fleetserverapi - INFO - Sqlite database uri is databases/sqlite/text_content_reference.db
2025-05-14 13:13:36,592 - fleetserverapi - INFO - LanceDB connection successful.
2025-05-14 13:13:36,638 - fleetserverapi - INFO - Loading Embedding model: 
2025-05-14 13:13:38,265 - fleetserverapi - INFO - Short embedding model created
2025-05-14 13:13:51,954 - fleetserverapi - INFO - Long embedding model created
2025-05-14 13:13:51,954 - fleetserverapi - INFO - Embedding Models Loaded: Vector Dimension: 384 and 768
2025-05-14 13:13:51,955 - fleetserverapi - INFO - Creating or opening table: content_vector_data
2025-05-14 13:13:51,958 - fleetserverapi - INFO - Table content_vector_data opened successfully
2025-05-14 13:13:51,959 - fleetserverapi - WARNING - Existing content_vector_data Table does not match lancedb schema
2025-05-14 13:13:51,964 - fleetserverapi - INFO - Table context_vector_data opened successfully
2025-05-14 13:13:51,966 - fleetserverapi - WARNING - Existing content_vector_data Table schema mismatch.
2025-05-14 13:13:51,967 - fleetserverapi - WARNING -   Current Schema: id: string
vector_short: fixed_size_list<item: float>[384]
  child 0, item: float
vector_long: fixed_size_list<item: float>[768]
  child 0, item: float
doc_id: string
2025-05-14 13:13:51,969 - fleetserverapi - WARNING -   Expected Schema: id: string
vector_short: list<item: float>
  child 0, item: float
vector_long: list<item: float>
  child 0, item: float
doc_id: string
2025-05-14 13:13:51,973 - fleetserverapi - INFO - Startup Complete
