2025-05-12 14:04:41,440 - fleetserverapi - INFO - LANCEDB_URI is ../databases/lance
2025-05-12 14:04:41,441 - fleetserverapi - INFO - Short embedding model name is all-MiniLM-L6-v2
2025-05-12 14:04:41,441 - fleetserverapi - INFO - Long embedding model name is nomic-ai/nomic-embed-text-v1.5
2025-05-12 14:04:41,441 - fleetserverapi - INFO - Connecting to LanceDB.
2025-05-12 14:04:41,444 - fleetserverapi - INFO - Begin connecting to sqlite
2025-05-12 14:04:41,444 - fleetserverapi - INFO - Sqlite database uri is ../databases/sqlite
2025-05-12 14:04:41,447 - fleetserverapi - INFO - LanceDB connection successful.
2025-05-12 14:04:41,448 - fleetserverapi - INFO - Loading Embedding model: 
2025-05-12 14:04:42,922 - fleetserverapi - INFO - Short embedding model created
2025-05-12 14:04:46,311 - fleetserverapi - INFO - Long embedding model created
2025-05-12 14:04:46,311 - fleetserverapi - INFO - Embedding Models Loaded: Vector Dimension: 384 and 768
2025-05-12 14:04:46,312 - fleetserverapi - INFO - Creating or opening table: content_vector_data
2025-05-12 14:04:46,316 - fleetserverapi - INFO - Table content_vector_data opened successfully
2025-05-12 14:04:46,320 - fleetserverapi - INFO - Table context_vector_data opened successfully
2025-05-12 14:04:46,321 - fleetserverapi - INFO - Startup Complete
2025-05-12 14:04:55,553 - fleetserverapi - INFO - Post endpoint hit
2025-05-12 14:04:55,553 - fleetserverapi - INFO - Create retrieve context id called
2025-05-12 14:05:28,088 - fleetserverapi - INFO - Populate_response_dict called
2025-05-12 14:05:28,091 - fleetserverapi - ERROR - Error populating response model: Prompt name 'True' not found in the configured prompts dictionary with keys [].
2025-05-12 14:05:28,091 - fleetserverapi - WARNING - Main endpoint failure: 500: Error populating response model
2025-05-12 14:15:18,134 - fleetserverapi - INFO - Shutting down application.
2025-05-12 14:15:18,134 - fleetserverapi - INFO - LanceDB Connection closed, global session state cleared
