2025-05-13 05:19:25,794 - fleetserverapi - INFO - LANCEDB_URI is ../databases/lance
2025-05-13 05:19:25,795 - fleetserverapi - INFO - Short embedding model name is all-MiniLM-L6-v2
2025-05-13 05:19:25,795 - fleetserverapi - INFO - Long embedding model name is nomic-ai/nomic-embed-text-v1.5
2025-05-13 05:19:25,795 - fleetserverapi - INFO - Connecting to LanceDB.
2025-05-13 05:19:25,797 - fleetserverapi - INFO - Begin connecting to sqlite
2025-05-13 05:19:25,797 - fleetserverapi - INFO - Sqlite database uri is ../databases/sqlite
2025-05-13 05:19:25,800 - fleetserverapi - INFO - LanceDB connection successful.
2025-05-13 05:19:25,800 - fleetserverapi - INFO - Loading Embedding model: 
2025-05-13 05:19:27,471 - fleetserverapi - INFO - Short embedding model created
2025-05-13 05:19:31,100 - fleetserverapi - INFO - Long embedding model created
2025-05-13 05:19:31,101 - fleetserverapi - INFO - Embedding Models Loaded: Vector Dimension: 384 and 768
2025-05-13 05:19:31,102 - fleetserverapi - INFO - Creating or opening table: content_vector_data
2025-05-13 05:19:31,107 - fleetserverapi - INFO - Table content_vector_data opened successfully
2025-05-13 05:19:31,114 - fleetserverapi - INFO - Table context_vector_data opened successfully
2025-05-13 05:19:31,117 - fleetserverapi - INFO - Startup Complete
2025-05-13 05:19:38,409 - fleetserverapi - INFO - Post endpoint hit
2025-05-13 05:19:38,409 - fleetserverapi - INFO - Create retrieve context id called
2025-05-13 05:19:38,411 - fleetserverapi - INFO - Begins summarizing
2025-05-13 05:21:38,583 - fleetserverapi - INFO - Completes Summarizationn
2025-05-13 05:22:06,278 - fleetserverapi - INFO - Populate_response_dict called
2025-05-13 05:22:41,338 - fleetserverapi - WARNING - Main endpoint failure: 'function' object is not subscriptable
2025-05-13 05:23:51,142 - fleetserverapi - INFO - Shutting down application.
2025-05-13 05:23:51,143 - fleetserverapi - INFO - LanceDB Connection closed, global session state cleared
