2025-05-14 00:13:39,918 - fleetserverapi - INFO - LANCEDB_URI is databases/lance
2025-05-14 00:13:39,918 - fleetserverapi - INFO - Short embedding model name is all-MiniLM-L6-v2
2025-05-14 00:13:39,919 - fleetserverapi - INFO - Long embedding model name is nomic-ai/nomic-embed-text-v1.5
2025-05-14 00:13:39,919 - fleetserverapi - INFO - Connecting to LanceDB.
2025-05-14 00:13:39,921 - fleetserverapi - INFO - Begin connecting to sqlite
2025-05-14 00:13:39,921 - fleetserverapi - INFO - Sqlite database uri is databases/sqlite/text_content_reference.db
2025-05-14 00:13:39,924 - fleetserverapi - INFO - LanceDB connection successful.
2025-05-14 00:13:39,957 - fleetserverapi - INFO - Loading Embedding model: 
2025-05-14 00:13:41,578 - fleetserverapi - INFO - Short embedding model created
2025-05-14 00:13:45,069 - fleetserverapi - INFO - Long embedding model created
2025-05-14 00:13:45,070 - fleetserverapi - INFO - Embedding Models Loaded: Vector Dimension: 384 and 768
2025-05-14 00:13:45,070 - fleetserverapi - INFO - Creating or opening table: content_vector_data
2025-05-14 00:13:45,073 - fleetserverapi - INFO - Table content_vector_data opened successfully
2025-05-14 00:13:45,075 - fleetserverapi - INFO - Table context_vector_data opened successfully
2025-05-14 00:13:45,078 - fleetserverapi - INFO - Startup Complete
2025-05-14 00:14:08,238 - fleetserverapi - INFO - Post endpoint hit
2025-05-14 00:14:08,238 - fleetserverapi - INFO - Create retrieve context id called
2025-05-14 00:14:08,239 - fleetserverapi - INFO - Begins summarizing
2025-05-14 00:14:35,375 - fleetserverapi - INFO - Completes Summarizationn
2025-05-14 00:15:04,994 - fleetserverapi - INFO - Cache hit for request 'Please provide the text you would like me to summa...' with distance 6.1227
2025-05-14 00:15:05,001 - fleetserverapi - INFO - Populate_response_dict called
2025-05-14 00:16:03,743 - fleetserverapi - INFO - GenAI client obtained from session_globals
2025-05-14 00:16:05,029 - fleetserverapi - INFO - Context cache created: cachedContents/rrxvbqu1sulkzblqngf32gr7m1jw5ga2sv4mddul
2025-05-14 00:16:15,684 - fleetserverapi - INFO - Prompt task for ID c283368b-210e-4e6a-a0ab-f96f73d3520a completed successfully.
2025-05-14 00:16:15,686 - fleetserverapi - INFO - Prompt task for ID 99cfff19-ffc4-498e-b3c7-1eef826a98bf completed successfully.
2025-05-14 00:16:15,686 - fleetserverapi - INFO - Prompt task for ID b7cef015-b503-4429-86ec-99c79471b422 completed successfully.
2025-05-14 00:16:15,687 - fleetserverapi - INFO - Prompt task for ID 0050fc43-cd84-4bd1-8da3-3634e7b81c13 completed successfully.
2025-05-14 00:16:15,687 - fleetserverapi - INFO - Prompt task for ID b08d5272-6c45-43dd-a9b0-2b39daa5ade3 completed successfully.
2025-05-14 00:16:15,687 - fleetserverapi - INFO - Prompt iteration finished: All 5 prompts processed successfully.
2025-05-14 00:16:15,687 - fleetserverapi - INFO - Prompt iteration completed
2025-05-14 00:16:15,689 - fleetserverapi - INFO - Attempting to delete GENAI cache 'cachedContents/rrxvbqu1sulkzblqngf32gr7m1jw5ga2sv4mddul'
2025-05-14 00:16:16,192 - fleetserverapi - WARNING - Main endpoint failure: 'pyarrow.lib.Schema' object is not callable
2025-05-14 00:17:39,534 - fleetserverapi - INFO - Shutting down application.
2025-05-14 00:17:39,535 - fleetserverapi - INFO - LanceDB Connection closed, global session state cleared
