2025-05-14 01:18:45,932 - fleetserverapi - INFO - LANCEDB_URI is databases/lance
2025-05-14 01:18:45,933 - fleetserverapi - INFO - Short embedding model name is all-MiniLM-L6-v2
2025-05-14 01:18:45,933 - fleetserverapi - INFO - Long embedding model name is nomic-ai/nomic-embed-text-v1.5
2025-05-14 01:18:45,933 - fleetserverapi - INFO - Connecting to LanceDB.
2025-05-14 01:18:45,935 - fleetserverapi - INFO - Begin connecting to sqlite
2025-05-14 01:18:45,936 - fleetserverapi - INFO - Sqlite database uri is databases/sqlite/text_content_reference.db
2025-05-14 01:18:45,939 - fleetserverapi - INFO - LanceDB connection successful.
2025-05-14 01:18:45,973 - fleetserverapi - INFO - Loading Embedding model: 
2025-05-14 01:18:47,434 - fleetserverapi - INFO - Short embedding model created
2025-05-14 01:18:51,179 - fleetserverapi - INFO - Long embedding model created
2025-05-14 01:18:51,180 - fleetserverapi - INFO - Embedding Models Loaded: Vector Dimension: 384 and 768
2025-05-14 01:18:51,180 - fleetserverapi - INFO - Creating or opening table: content_vector_data
2025-05-14 01:18:51,183 - fleetserverapi - INFO - Table content_vector_data opened successfully
2025-05-14 01:18:51,186 - fleetserverapi - INFO - Table context_vector_data opened successfully
2025-05-14 01:18:51,188 - fleetserverapi - INFO - Startup Complete
2025-05-14 01:31:46,592 - fleetserverapi - INFO - Post endpoint hit
2025-05-14 01:31:46,593 - fleetserverapi - INFO - Create retrieve context id called
2025-05-14 01:31:46,593 - fleetserverapi - INFO - Begins summarizing
2025-05-14 01:32:03,409 - fleetserverapi - INFO - Completes Summarizationn
2025-05-14 01:32:32,869 - fleetserverapi - INFO - Cache hit for request 'Please provide the text you would like me to summa...' with distance 2.2487
2025-05-14 01:32:32,875 - fleetserverapi - INFO - Populate_response_dict called
2025-05-14 01:32:38,219 - fleetserverapi - INFO - GenAI client obtained from session_globals
2025-05-14 01:32:39,479 - fleetserverapi - INFO - Context cache created: cachedContents/ak2e8u3jmav4dso4h9q0mnxnraz0drgvmss31iet
2025-05-14 01:32:51,475 - fleetserverapi - INFO - Prompt task for ID 6f9eed22-cdfb-4559-9bb2-cbb02374879f completed successfully.
2025-05-14 01:32:51,476 - fleetserverapi - INFO - Prompt task for ID e07edd8f-c85b-4cdb-bc10-cb051368cd87 completed successfully.
2025-05-14 01:32:51,477 - fleetserverapi - INFO - Prompt task for ID b98ed962-5d2e-4220-9bbb-368a76d6c321 completed successfully.
2025-05-14 01:32:51,478 - fleetserverapi - INFO - Prompt task for ID 8c6aa7ed-13e3-497c-84ed-2986cc3cd6d0 completed successfully.
2025-05-14 01:32:51,479 - fleetserverapi - INFO - Prompt task for ID 0f27c3aa-8f7d-4fad-a29b-d5d7df3f5281 completed successfully.
2025-05-14 01:32:51,480 - fleetserverapi - INFO - Prompt iteration finished: All 5 prompts processed successfully.
2025-05-14 01:32:51,481 - fleetserverapi - INFO - Prompt iteration completed
2025-05-14 01:32:51,482 - fleetserverapi - INFO - Attempting to delete GENAI cache 'cachedContents/ak2e8u3jmav4dso4h9q0mnxnraz0drgvmss31iet'
2025-05-14 01:32:51,914 - fleetserverapi - WARNING - Main endpoint failure: 'list' object has no attribute 'tolist'
2025-05-14 01:35:09,722 - fleetserverapi - INFO - Shutting down application.
2025-05-14 01:35:09,723 - fleetserverapi - INFO - LanceDB Connection closed, global session state cleared
