2025-05-12 12:27:28,940 - fleetserverapi - INFO - LANCEDB_URI is ../databases/lance
2025-05-12 12:27:28,941 - fleetserverapi - INFO - Short embedding model name is all-MiniLM-L6-v2
2025-05-12 12:27:28,941 - fleetserverapi - INFO - Long embedding model name is nomic-ai/nomic-embed-text-v1.5
2025-05-12 12:27:28,941 - fleetserverapi - INFO - Connecting to LanceDB.
2025-05-12 12:27:28,943 - fleetserverapi - INFO - Begin connecting to sqlite
2025-05-12 12:27:28,944 - fleetserverapi - INFO - Sqlite database uri is ../databases/sqlite
2025-05-12 12:27:28,947 - fleetserverapi - INFO - LanceDB connection successful.
2025-05-12 12:27:28,949 - fleetserverapi - INFO - Loading Embedding model: 
2025-05-12 12:27:30,341 - fleetserverapi - INFO - Short embedding model created
2025-05-12 12:27:33,792 - fleetserverapi - INFO - Long embedding model created
2025-05-12 12:27:33,793 - fleetserverapi - INFO - Embedding Models Loaded: Vector Dimension: 384 and 768
2025-05-12 12:27:33,794 - fleetserverapi - INFO - Creating or opening table: content_vector_data
2025-05-12 12:27:33,799 - fleetserverapi - INFO - Table content_vector_data opened successfully
2025-05-12 12:27:33,805 - fleetserverapi - INFO - Table context_vector_data opened successfully
2025-05-12 12:27:33,808 - fleetserverapi - INFO - Startup Complete
2025-05-12 12:27:43,353 - fleetserverapi - INFO - Post endpoint hit
2025-05-12 12:27:43,354 - fleetserverapi - INFO - Create retrieve context id called
2025-05-12 12:28:16,013 - fleetserverapi - WARNING - Main endpoint failure: lance error: LanceError(Index): Data type is not a vector (FixedSizeListArray or List<FixedSizeListArray>), but Float64, C:\Users\runneradmin\.cargo\registry\src\index.crates.io-6f17d22bba15001f\lance-0.26.0\src\index\vector\utils.rs:101:23
2025-05-12 12:35:06,254 - fleetserverapi - INFO - Shutting down application.
2025-05-12 12:35:06,255 - fleetserverapi - INFO - LanceDB Connection closed, global session state cleared
