2025-05-13 00:24:51,363 - fleetserverapi - INFO - LANCEDB_URI is ../databases/lance
2025-05-13 00:24:51,364 - fleetserverapi - INFO - Short embedding model name is all-MiniLM-L6-v2
2025-05-13 00:24:51,364 - fleetserverapi - INFO - Long embedding model name is nomic-ai/nomic-embed-text-v1.5
2025-05-13 00:24:51,364 - fleetserverapi - INFO - Connecting to LanceDB.
2025-05-13 00:24:51,366 - fleetserverapi - INFO - Begin connecting to sqlite
2025-05-13 00:24:51,366 - fleetserverapi - INFO - Sqlite database uri is ../databases/sqlite
2025-05-13 00:24:51,369 - fleetserverapi - INFO - LanceDB connection successful.
2025-05-13 00:24:51,371 - fleetserverapi - INFO - Loading Embedding model: 
2025-05-13 00:24:53,117 - fleetserverapi - INFO - Short embedding model created
2025-05-13 00:24:56,803 - fleetserverapi - INFO - Long embedding model created
2025-05-13 00:24:56,804 - fleetserverapi - INFO - Embedding Models Loaded: Vector Dimension: 384 and 768
2025-05-13 00:24:56,804 - fleetserverapi - INFO - Creating or opening table: content_vector_data
2025-05-13 00:24:56,808 - fleetserverapi - INFO - Table content_vector_data opened successfully
2025-05-13 00:24:56,811 - fleetserverapi - INFO - Table context_vector_data opened successfully
2025-05-13 00:24:56,814 - fleetserverapi - INFO - Startup Complete
2025-05-13 00:30:50,337 - fleetserverapi - INFO - Post endpoint hit
2025-05-13 00:30:50,338 - fleetserverapi - INFO - Create retrieve context id called
2025-05-13 00:30:50,338 - fleetserverapi - INFO - Begins summarizing
2025-05-13 00:32:49,663 - fleetserverapi - INFO - Completes Summarizationn
2025-05-13 00:33:17,716 - fleetserverapi - INFO - Populate_response_dict called
2025-05-13 00:33:52,623 - fleetserverapi - INFO - GenAI client obtained from session_globals
2025-05-13 00:33:54,145 - fleetserverapi - WARNING - Main endpoint failure: 500: Failed to create GENAI cache: 'CachedContent' object has no attribute 'result'
2025-05-13 00:36:29,376 - fleetserverapi - INFO - Shutting down application.
2025-05-13 00:36:29,377 - fleetserverapi - INFO - LanceDB Connection closed, global session state cleared
