2025-05-13 10:44:32,677 - fleetserverapi - INFO - LANCEDB_URI is ../databases/lance
2025-05-13 10:44:32,677 - fleetserverapi - INFO - Short embedding model name is all-MiniLM-L6-v2
2025-05-13 10:44:32,678 - fleetserverapi - INFO - Long embedding model name is nomic-ai/nomic-embed-text-v1.5
2025-05-13 10:44:32,678 - fleetserverapi - INFO - Connecting to LanceDB.
2025-05-13 10:44:32,680 - fleetserverapi - INFO - Begin connecting to sqlite
2025-05-13 10:44:32,680 - fleetserverapi - INFO - Sqlite database uri is ../databases/sqlite
2025-05-13 10:44:32,682 - fleetserverapi - INFO - LanceDB connection successful.
2025-05-13 10:44:32,740 - fleetserverapi - INFO - Loading Embedding model: 
2025-05-13 10:44:34,270 - fleetserverapi - INFO - Short embedding model created
2025-05-13 10:44:37,957 - fleetserverapi - INFO - Long embedding model created
2025-05-13 10:44:37,958 - fleetserverapi - INFO - Embedding Models Loaded: Vector Dimension: 384 and 768
2025-05-13 10:44:37,958 - fleetserverapi - INFO - Creating or opening table: content_vector_data
2025-05-13 10:44:37,961 - fleetserverapi - INFO - Table content_vector_data opened successfully
2025-05-13 10:44:37,963 - fleetserverapi - INFO - Table context_vector_data opened successfully
2025-05-13 10:44:37,966 - fleetserverapi - INFO - Startup Complete
2025-05-13 10:45:02,210 - fleetserverapi - INFO - Post endpoint hit
2025-05-13 10:45:02,211 - fleetserverapi - INFO - Create retrieve context id called
2025-05-13 10:45:02,211 - fleetserverapi - INFO - Begins summarizing
2025-05-13 10:45:30,247 - fleetserverapi - INFO - Completes Summarizationn
2025-05-13 10:46:00,597 - fleetserverapi - INFO - Cache hit for request 'Please provide me with the text you would like me ...' with distance 8.6615
2025-05-13 10:46:00,602 - fleetserverapi - WARNING - Main endpoint failure: 'Connection' object has no attribute 'fetchone'
2025-05-13 10:47:45,436 - fleetserverapi - INFO - Shutting down application.
2025-05-13 10:47:45,437 - fleetserverapi - INFO - LanceDB Connection closed, global session state cleared
