2025-05-13 06:16:06,537 - fleetserverapi - INFO - LANCEDB_URI is ../databases/lance
2025-05-13 06:16:06,538 - fleetserverapi - INFO - Short embedding model name is all-MiniLM-L6-v2
2025-05-13 06:16:06,538 - fleetserverapi - INFO - Long embedding model name is nomic-ai/nomic-embed-text-v1.5
2025-05-13 06:16:06,539 - fleetserverapi - INFO - Connecting to LanceDB.
2025-05-13 06:16:06,541 - fleetserverapi - INFO - Begin connecting to sqlite
2025-05-13 06:16:06,541 - fleetserverapi - INFO - Sqlite database uri is ../databases/sqlite
2025-05-13 06:16:06,543 - fleetserverapi - INFO - LanceDB connection successful.
2025-05-13 06:16:06,546 - fleetserverapi - INFO - Loading Embedding model: 
2025-05-13 06:16:08,761 - fleetserverapi - INFO - Short embedding model created
2025-05-13 06:16:12,260 - fleetserverapi - INFO - Long embedding model created
2025-05-13 06:16:12,261 - fleetserverapi - INFO - Embedding Models Loaded: Vector Dimension: 384 and 768
2025-05-13 06:16:12,263 - fleetserverapi - INFO - Creating or opening table: content_vector_data
2025-05-13 06:16:12,275 - fleetserverapi - INFO - Table content_vector_data opened successfully
2025-05-13 06:16:12,286 - fleetserverapi - INFO - Table context_vector_data opened successfully
2025-05-13 06:16:12,290 - fleetserverapi - INFO - Startup Complete
2025-05-13 06:16:44,229 - fleetserverapi - INFO - Post endpoint hit
2025-05-13 06:16:44,229 - fleetserverapi - INFO - Create retrieve context id called
2025-05-13 06:16:44,230 - fleetserverapi - INFO - Begins summarizing
2025-05-13 06:18:41,965 - fleetserverapi - INFO - Completes Summarizationn
2025-05-13 06:19:12,953 - fleetserverapi - WARNING - Main endpoint failure: ufunc 'less_equal' did not contain a loop with signature matching types (<class 'numpy.dtypes.Float32DType'>, <class 'numpy.dtypes.StrDType'>) -> None
2025-05-13 06:26:29,124 - fleetserverapi - INFO - Shutting down application.
2025-05-13 06:26:29,125 - fleetserverapi - INFO - LanceDB Connection closed, global session state cleared
