2025-05-12 13:29:04,792 - fleetserverapi - INFO - LANCEDB_URI is ../databases/lance
2025-05-12 13:29:04,793 - fleetserverapi - INFO - Short embedding model name is all-MiniLM-L6-v2
2025-05-12 13:29:04,793 - fleetserverapi - INFO - Long embedding model name is nomic-ai/nomic-embed-text-v1.5
2025-05-12 13:29:04,794 - fleetserverapi - INFO - Connecting to LanceDB.
2025-05-12 13:29:04,796 - fleetserverapi - INFO - Begin connecting to sqlite
2025-05-12 13:29:04,796 - fleetserverapi - INFO - Sqlite database uri is ../databases/sqlite
2025-05-12 13:29:04,800 - fleetserverapi - INFO - LanceDB connection successful.
2025-05-12 13:29:04,801 - fleetserverapi - INFO - Loading Embedding model: 
2025-05-12 13:29:06,426 - fleetserverapi - INFO - Short embedding model created
2025-05-12 13:29:09,863 - fleetserverapi - INFO - Long embedding model created
2025-05-12 13:29:09,863 - fleetserverapi - INFO - Embedding Models Loaded: Vector Dimension: 384 and 768
2025-05-12 13:29:09,864 - fleetserverapi - INFO - Creating or opening table: content_vector_data
2025-05-12 13:29:09,867 - fleetserverapi - INFO - Table content_vector_data opened successfully
2025-05-12 13:29:09,871 - fleetserverapi - INFO - Table context_vector_data opened successfully
2025-05-12 13:29:09,873 - fleetserverapi - INFO - Startup Complete
2025-05-12 13:30:17,223 - fleetserverapi - INFO - Post endpoint hit
2025-05-12 13:30:17,224 - fleetserverapi - INFO - Create retrieve context id called
2025-05-12 13:30:50,869 - fleetserverapi - INFO - Populate_response_dict called
2025-05-12 13:30:50,869 - fleetserverapi - ERROR - Error populating response model: 'BasePromptRequestModel' object has no attribute 'client_id'
2025-05-12 13:30:50,870 - fleetserverapi - WARNING - Main endpoint failure: 500: Error populating response model
2025-05-12 13:32:09,217 - fleetserverapi - INFO - Shutting down application.
2025-05-12 13:32:09,217 - fleetserverapi - INFO - LanceDB Connection closed, global session state cleared
