2025-05-13 09:07:59,608 - fleetserverapi - INFO - LANCEDB_URI is ../databases/lance
2025-05-13 09:07:59,608 - fleetserverapi - INFO - Short embedding model name is all-MiniLM-L6-v2
2025-05-13 09:07:59,609 - fleetserverapi - INFO - Long embedding model name is nomic-ai/nomic-embed-text-v1.5
2025-05-13 09:07:59,609 - fleetserverapi - INFO - Connecting to LanceDB.
2025-05-13 09:07:59,612 - fleetserverapi - INFO - Begin connecting to sqlite
2025-05-13 09:07:59,612 - fleetserverapi - INFO - Sqlite database uri is ../databases/sqlite
2025-05-13 09:07:59,614 - fleetserverapi - INFO - LanceDB connection successful.
2025-05-13 09:07:59,658 - fleetserverapi - INFO - Loading Embedding model: 
2025-05-13 09:08:01,089 - fleetserverapi - INFO - Short embedding model created
2025-05-13 09:08:04,677 - fleetserverapi - INFO - Long embedding model created
2025-05-13 09:08:04,678 - fleetserverapi - INFO - Embedding Models Loaded: Vector Dimension: 384 and 768
2025-05-13 09:08:04,678 - fleetserverapi - INFO - Creating or opening table: content_vector_data
2025-05-13 09:08:04,681 - fleetserverapi - INFO - Table content_vector_data opened successfully
2025-05-13 09:08:04,684 - fleetserverapi - INFO - Table context_vector_data opened successfully
2025-05-13 09:08:04,686 - fleetserverapi - INFO - Startup Complete
2025-05-13 09:09:12,424 - fleetserverapi - INFO - Post endpoint hit
2025-05-13 09:09:12,424 - fleetserverapi - INFO - Create retrieve context id called
2025-05-13 09:09:12,424 - fleetserverapi - INFO - Begins summarizing
2025-05-13 09:09:34,387 - fleetserverapi - WARNING - Main endpoint failure: 503: Service unavailable
2025-05-13 09:09:51,071 - fleetserverapi - INFO - Post endpoint hit
2025-05-13 09:09:51,072 - fleetserverapi - INFO - Create retrieve context id called
2025-05-13 09:09:51,072 - fleetserverapi - INFO - Begins summarizing
2025-05-13 09:10:12,222 - fleetserverapi - WARNING - Main endpoint failure: 503: Service unavailable
2025-05-13 09:11:52,083 - fleetserverapi - INFO - Shutting down application.
2025-05-13 09:11:52,083 - fleetserverapi - INFO - LanceDB Connection closed, global session state cleared
