2025-05-13 09:57:38,967 - fleetserverapi - INFO - LANCEDB_URI is ../databases/lance
2025-05-13 09:57:38,967 - fleetserverapi - INFO - Short embedding model name is all-MiniLM-L6-v2
2025-05-13 09:57:38,967 - fleetserverapi - INFO - Long embedding model name is nomic-ai/nomic-embed-text-v1.5
2025-05-13 09:57:38,969 - fleetserverapi - INFO - Connecting to LanceDB.
2025-05-13 09:57:38,970 - fleetserverapi - INFO - Begin connecting to sqlite
2025-05-13 09:57:38,970 - fleetserverapi - INFO - Sqlite database uri is ../databases/sqlite
2025-05-13 09:57:38,973 - fleetserverapi - INFO - LanceDB connection successful.
2025-05-13 09:57:39,027 - fleetserverapi - INFO - Loading Embedding model: 
2025-05-13 09:57:40,805 - fleetserverapi - INFO - Short embedding model created
2025-05-13 09:57:44,416 - fleetserverapi - INFO - Long embedding model created
2025-05-13 09:57:44,417 - fleetserverapi - INFO - Embedding Models Loaded: Vector Dimension: 384 and 768
2025-05-13 09:57:44,418 - fleetserverapi - INFO - Creating or opening table: content_vector_data
2025-05-13 09:57:44,422 - fleetserverapi - INFO - Table content_vector_data opened successfully
2025-05-13 09:57:44,428 - fleetserverapi - INFO - Table context_vector_data opened successfully
2025-05-13 09:57:44,434 - fleetserverapi - INFO - Startup Complete
2025-05-13 09:57:50,210 - fleetserverapi - INFO - Post endpoint hit
2025-05-13 09:57:50,210 - fleetserverapi - INFO - Create retrieve context id called
2025-05-13 09:57:50,210 - fleetserverapi - INFO - Begins summarizing
2025-05-13 09:58:08,575 - fleetserverapi - INFO - Completes Summarizationn
2025-05-13 09:58:38,464 - fleetserverapi - INFO - Cache hit for request 'Please provide the text you would like me to summa...' with distance 1.0307
2025-05-13 09:58:38,466 - fleetserverapi - WARNING - Main endpoint failure: 'NoneType' object is not subscriptable
2025-05-13 10:02:05,792 - fleetserverapi - INFO - Shutting down application.
2025-05-13 10:02:05,793 - fleetserverapi - INFO - LanceDB Connection closed, global session state cleared
