2025-05-12 15:42:06,096 - fleetserverapi - INFO - LANCEDB_URI is ../databases/lance
2025-05-12 15:42:06,096 - fleetserverapi - INFO - Short embedding model name is all-MiniLM-L6-v2
2025-05-12 15:42:06,097 - fleetserverapi - INFO - Long embedding model name is nomic-ai/nomic-embed-text-v1.5
2025-05-12 15:42:06,097 - fleetserverapi - INFO - Connecting to LanceDB.
2025-05-12 15:42:06,099 - fleetserverapi - INFO - Begin connecting to sqlite
2025-05-12 15:42:06,100 - fleetserverapi - INFO - Sqlite database uri is ../databases/sqlite
2025-05-12 15:42:06,103 - fleetserverapi - INFO - LanceDB connection successful.
2025-05-12 15:42:06,104 - fleetserverapi - INFO - Loading Embedding model: 
2025-05-12 15:42:07,684 - fleetserverapi - INFO - Short embedding model created
2025-05-12 15:42:11,316 - fleetserverapi - INFO - Long embedding model created
2025-05-12 15:42:11,318 - fleetserverapi - INFO - Embedding Models Loaded: Vector Dimension: 384 and 768
2025-05-12 15:42:11,319 - fleetserverapi - INFO - Creating or opening table: content_vector_data
2025-05-12 15:42:11,326 - fleetserverapi - INFO - Table content_vector_data opened successfully
2025-05-12 15:42:11,331 - fleetserverapi - INFO - Table context_vector_data opened successfully
2025-05-12 15:42:11,334 - fleetserverapi - INFO - Startup Complete
2025-05-12 15:42:27,252 - fleetserverapi - INFO - Post endpoint hit
2025-05-12 15:42:27,252 - fleetserverapi - INFO - Create retrieve context id called
2025-05-12 15:42:59,642 - fleetserverapi - INFO - Populate_response_dict called
2025-05-12 15:43:03,045 - fleetserverapi - ERROR - error creating GENAI cache: 400 INVALID_ARGUMENT. {'error': {'code': 400, 'message': 'Cached content is required to have content.role set.', 'status': 'INVALID_ARGUMENT'}}
2025-05-12 15:43:03,046 - fleetserverapi - WARNING - Main endpoint failure: cannot access local variable 'cache_name' where it is not associated with a value
2025-05-12 15:48:12,124 - fleetserverapi - INFO - Shutting down application.
2025-05-12 15:48:12,124 - fleetserverapi - INFO - LanceDB Connection closed, global session state cleared
