2025-05-12 04:15:07,111 - fleetserverapi - INFO - LANCEDB_URI is ../databases/lance
2025-05-12 04:15:07,112 - fleetserverapi - INFO - Short embedding model name is all-MiniLM-L6-v2
2025-05-12 04:15:07,112 - fleetserverapi - INFO - Long embedding model name is nomic-ai/nomic-embed-text-v1.5
2025-05-12 04:15:07,113 - fleetserverapi - INFO - Connecting to LanceDB.
2025-05-12 04:15:07,115 - fleetserverapi - INFO - Begin connecting to sqlite
2025-05-12 04:15:07,115 - fleetserverapi - INFO - Sqlite database uri is ../databases/sqlite
2025-05-12 04:15:07,118 - fleetserverapi - INFO - LanceDB connection successful.
2025-05-12 04:15:07,119 - fleetserverapi - INFO - Loading Embedding model: 
2025-05-12 04:15:08,528 - fleetserverapi - INFO - Short embedding model created
2025-05-12 04:15:11,739 - fleetserverapi - INFO - Long embedding model created
2025-05-12 04:15:11,740 - fleetserverapi - INFO - Embedding Models Loaded: Vector Dimension: 384 and 768
2025-05-12 04:15:11,741 - fleetserverapi - INFO - Creating or opening table: content_vector_data
2025-05-12 04:15:11,752 - fleetserverapi - INFO - Table content_vector_data opened successfully
2025-05-12 04:15:11,762 - fleetserverapi - INFO - Table context_vector_data opened successfully
2025-05-12 04:15:11,764 - fleetserverapi - INFO - Startup Complete
2025-05-12 04:15:19,934 - fleetserverapi - INFO - Post endpoint hit
2025-05-12 04:15:19,935 - fleetserverapi - INFO - Create retrieve context id called
2025-05-12 04:15:19,935 - fleetserverapi - WARNING - Main endpoint failure: sequence item 0: expected str instance, BasePromptRequestItem found
2025-05-12 04:16:14,240 - fleetserverapi - INFO - Shutting down application.
2025-05-12 04:16:14,240 - fleetserverapi - INFO - LanceDB Connection closed, global session state cleared
