2025-05-12 14:21:54,422 - fleetserverapi - INFO - LANCEDB_URI is ../databases/lance
2025-05-12 14:21:54,422 - fleetserverapi - INFO - Short embedding model name is all-MiniLM-L6-v2
2025-05-12 14:21:54,423 - fleetserverapi - INFO - Long embedding model name is nomic-ai/nomic-embed-text-v1.5
2025-05-12 14:21:54,423 - fleetserverapi - INFO - Connecting to LanceDB.
2025-05-12 14:21:54,426 - fleetserverapi - INFO - Begin connecting to sqlite
2025-05-12 14:21:54,426 - fleetserverapi - INFO - Sqlite database uri is ../databases/sqlite
2025-05-12 14:21:54,430 - fleetserverapi - INFO - LanceDB connection successful.
2025-05-12 14:21:54,431 - fleetserverapi - INFO - Loading Embedding model: 
2025-05-12 14:21:55,844 - fleetserverapi - INFO - Short embedding model created
2025-05-12 14:21:59,269 - fleetserverapi - INFO - Long embedding model created
2025-05-12 14:21:59,270 - fleetserverapi - INFO - Embedding Models Loaded: Vector Dimension: 384 and 768
2025-05-12 14:21:59,270 - fleetserverapi - INFO - Creating or opening table: content_vector_data
2025-05-12 14:21:59,274 - fleetserverapi - INFO - Table content_vector_data opened successfully
2025-05-12 14:21:59,278 - fleetserverapi - INFO - Table context_vector_data opened successfully
2025-05-12 14:21:59,280 - fleetserverapi - INFO - Startup Complete
2025-05-12 14:22:18,302 - fleetserverapi - INFO - Post endpoint hit
2025-05-12 14:22:18,303 - fleetserverapi - INFO - Create retrieve context id called
2025-05-12 14:22:50,839 - fleetserverapi - INFO - Populate_response_dict called
2025-05-12 14:22:50,844 - fleetserverapi - ERROR - Error populating response model: 'NoneType' object is not callable
2025-05-12 14:22:50,845 - fleetserverapi - WARNING - Main endpoint failure: 500: Error populating response model
2025-05-12 14:24:09,784 - fleetserverapi - INFO - Shutting down application.
2025-05-12 14:24:09,785 - fleetserverapi - INFO - LanceDB Connection closed, global session state cleared
