2025-05-14 05:09:04,002 - fleetserverapi - INFO - LANCEDB_URI is databases/lance
2025-05-14 05:09:04,002 - fleetserverapi - INFO - Short embedding model name is all-MiniLM-L6-v2
2025-05-14 05:09:04,003 - fleetserverapi - INFO - Long embedding model name is nomic-ai/nomic-embed-text-v1.5
2025-05-14 05:09:04,003 - fleetserverapi - INFO - Connecting to LanceDB.
2025-05-14 05:09:04,005 - fleetserverapi - INFO - Begin connecting to sqlite
2025-05-14 05:09:04,006 - fleetserverapi - INFO - Sqlite database uri is databases/sqlite/text_content_reference.db
2025-05-14 05:09:04,009 - fleetserverapi - INFO - LanceDB connection successful.
2025-05-14 05:09:04,040 - fleetserverapi - INFO - Loading Embedding model: 
2025-05-14 05:09:05,609 - fleetserverapi - INFO - Short embedding model created
2025-05-14 05:09:09,321 - fleetserverapi - INFO - Long embedding model created
2025-05-14 05:09:09,322 - fleetserverapi - INFO - Embedding Models Loaded: Vector Dimension: 384 and 768
2025-05-14 05:09:09,322 - fleetserverapi - INFO - Creating or opening table: content_vector_data
2025-05-14 05:09:09,326 - fleetserverapi - INFO - Table content_vector_data opened successfully
2025-05-14 05:09:09,329 - fleetserverapi - INFO - Table context_vector_data opened successfully
2025-05-14 05:09:09,332 - fleetserverapi - INFO - Startup Complete
2025-05-14 05:09:33,163 - fleetserverapi - INFO - Post endpoint hit
2025-05-14 05:09:33,163 - fleetserverapi - INFO - Create retrieve context id called
2025-05-14 05:09:33,163 - fleetserverapi - INFO - Begins summarizing
2025-05-14 05:09:57,026 - fleetserverapi - INFO - Completes Summarizationn
2025-05-14 05:10:25,862 - fleetserverapi - INFO - Cache hit for request 'Please provide the text you would like me to summa...' with distance 2.2199
2025-05-14 05:10:25,867 - fleetserverapi - INFO - Populate_response_dict called
2025-05-14 05:10:31,199 - fleetserverapi - INFO - GenAI client obtained from session_globals
2025-05-14 05:10:32,520 - fleetserverapi - INFO - Context cache created: cachedContents/jr0psyg9nlh4qpf8cz32k6a5l4jl2sijpv4enubr
2025-05-14 05:10:49,479 - fleetserverapi - INFO - Prompt task for ID 737e482b-ed72-4780-8190-2e7ea47e051c completed successfully.
2025-05-14 05:10:49,481 - fleetserverapi - INFO - Prompt task for ID b32653de-ec9d-41ab-9e11-ab9fb9a59c17 completed successfully.
2025-05-14 05:10:49,482 - fleetserverapi - INFO - Prompt task for ID 13f29c9f-9b72-4323-8f26-2eca1f638d41 completed successfully.
2025-05-14 05:10:49,483 - fleetserverapi - INFO - Prompt task for ID b61ccd6e-61cf-43b0-af34-9b424b36b193 completed successfully.
2025-05-14 05:10:49,484 - fleetserverapi - INFO - Prompt task for ID 2164ada5-272f-448c-993c-9b69d3821e04 completed successfully.
2025-05-14 05:10:49,485 - fleetserverapi - INFO - Prompt iteration finished: All 5 prompts processed successfully.
2025-05-14 05:10:49,486 - fleetserverapi - INFO - Prompt iteration completed
2025-05-14 05:10:49,487 - fleetserverapi - INFO - Attempting to delete GENAI cache 'cachedContents/jr0psyg9nlh4qpf8cz32k6a5l4jl2sijpv4enubr'
2025-05-14 05:10:49,914 - fleetserverapi - WARNING - Main endpoint failure: Column 1 named vector_short expected length 36 but got length 1
2025-05-14 05:45:09,274 - fleetserverapi - INFO - Shutting down application.
2025-05-14 05:45:09,276 - fleetserverapi - INFO - LanceDB Connection closed, global session state cleared
