2025-05-14 01:35:28,582 - fleetserverapi - INFO - LANCEDB_URI is databases/lance
2025-05-14 01:35:28,582 - fleetserverapi - INFO - Short embedding model name is all-MiniLM-L6-v2
2025-05-14 01:35:28,583 - fleetserverapi - INFO - Long embedding model name is nomic-ai/nomic-embed-text-v1.5
2025-05-14 01:35:28,583 - fleetserverapi - INFO - Connecting to LanceDB.
2025-05-14 01:35:28,585 - fleetserverapi - INFO - Begin connecting to sqlite
2025-05-14 01:35:28,586 - fleetserverapi - INFO - Sqlite database uri is databases/sqlite/text_content_reference.db
2025-05-14 01:35:28,588 - fleetserverapi - INFO - LanceDB connection successful.
2025-05-14 01:35:28,618 - fleetserverapi - INFO - Loading Embedding model: 
2025-05-14 01:35:30,115 - fleetserverapi - INFO - Short embedding model created
2025-05-14 01:35:33,892 - fleetserverapi - INFO - Long embedding model created
2025-05-14 01:35:33,893 - fleetserverapi - INFO - Embedding Models Loaded: Vector Dimension: 384 and 768
2025-05-14 01:35:33,893 - fleetserverapi - INFO - Creating or opening table: content_vector_data
2025-05-14 01:35:33,896 - fleetserverapi - INFO - Table content_vector_data opened successfully
2025-05-14 01:35:33,899 - fleetserverapi - INFO - Table context_vector_data opened successfully
2025-05-14 01:35:33,901 - fleetserverapi - INFO - Startup Complete
2025-05-14 01:35:40,101 - fleetserverapi - INFO - Post endpoint hit
2025-05-14 01:35:40,102 - fleetserverapi - INFO - Create retrieve context id called
2025-05-14 01:35:40,102 - fleetserverapi - INFO - Begins summarizing
2025-05-14 01:35:56,530 - fleetserverapi - INFO - Completes Summarizationn
2025-05-14 01:36:26,828 - fleetserverapi - INFO - Cache hit for request 'Please provide the text you would like me to summa...' with distance 3.1127
2025-05-14 01:36:26,833 - fleetserverapi - INFO - Populate_response_dict called
2025-05-14 01:36:32,164 - fleetserverapi - INFO - GenAI client obtained from session_globals
2025-05-14 01:36:33,452 - fleetserverapi - INFO - Context cache created: cachedContents/4380n42shn02cgazpb5th9kasw61srehrb98cxsr
2025-05-14 01:36:42,523 - fleetserverapi - INFO - Prompt task for ID 4da2a55b-83b8-4917-90b2-90ed12b13be9 completed successfully.
2025-05-14 01:36:42,524 - fleetserverapi - INFO - Prompt task for ID 79d11aa4-2781-4424-8dea-a0d4564a237a completed successfully.
2025-05-14 01:36:42,524 - fleetserverapi - INFO - Prompt task for ID 1490c03d-ae5d-44e1-9fd1-898f94f8d36f completed successfully.
2025-05-14 01:36:42,525 - fleetserverapi - INFO - Prompt task for ID ab6b2a07-ecf7-4803-a307-fa588b304e89 completed successfully.
2025-05-14 01:36:42,525 - fleetserverapi - INFO - Prompt task for ID 4fc1b454-b803-4b38-9528-73e02ff1a684 completed successfully.
2025-05-14 01:36:42,526 - fleetserverapi - INFO - Prompt iteration finished: All 5 prompts processed successfully.
2025-05-14 01:36:42,526 - fleetserverapi - INFO - Prompt iteration completed
2025-05-14 01:36:42,526 - fleetserverapi - INFO - Attempting to delete GENAI cache 'cachedContents/4380n42shn02cgazpb5th9kasw61srehrb98cxsr'
2025-05-14 01:36:42,988 - fleetserverapi - WARNING - Main endpoint failure: 'NoneType' object is not iterable
2025-05-14 01:44:44,698 - fleetserverapi - INFO - Shutting down application.
2025-05-14 01:44:44,700 - fleetserverapi - INFO - LanceDB Connection closed, global session state cleared
